2020-03-10 16:40:03 INFO  TestNGEngineForDesiredSuites:49 - INFO: New Suite Created with name: FalconDemo-Sample-WIN_10_firefox_0.26.0
2020-03-10 16:40:03 INFO  TestNGEngineForDesiredSuites:49 - <?xml version="1.0" encoding="UTF-8"?>
<!DOCTYPE suite SYSTEM "http://testng.org/testng-1.0.dtd">
<suite name="FalconDemo-Sample-WIN_10_firefox_0.26.0">
  <parameter name="os" value="WIN"/>
  <parameter name="osVersion" value="10"/>
  <parameter name="browser" value="firefox"/>
  <parameter name="browserVersion" value="0.26.0"/>
  <test thread-count="5" name="SampleTest">
    <classes>
      <class name="com.atmecs.qa.falcondashboard.testscript.TC11_DownloadOption"/>
    </classes>
  </test> <!-- SampleTest -->
</suite> <!-- FalconDemo-Sample-WIN_10_firefox_0.26.0 -->

2020-03-10 16:40:03 INFO  TestNGEngineForDesiredSuites:49 - INFO: New Suite Created with name: FalconDemo-Sample-WIN_10_ie_3.150.1
2020-03-10 16:40:03 INFO  TestNGEngineForDesiredSuites:49 - <?xml version="1.0" encoding="UTF-8"?>
<!DOCTYPE suite SYSTEM "http://testng.org/testng-1.0.dtd">
<suite name="FalconDemo-Sample-WIN_10_ie_3.150.1">
  <parameter name="os" value="WIN"/>
  <parameter name="osVersion" value="10"/>
  <parameter name="browser" value="ie"/>
  <parameter name="browserVersion" value="3.150.1"/>
  <test thread-count="5" name="SampleTest">
    <classes>
      <class name="com.atmecs.qa.falcondashboard.testscript.TC11_DownloadOption"/>
    </classes>
  </test> <!-- SampleTest -->
</suite> <!-- FalconDemo-Sample-WIN_10_ie_3.150.1 -->

2020-03-10 16:47:32 INFO  TestNGEngineForDesiredSuites:49 - INFO: The value found with Environment variable FalconDemo is: FalconDemo
2020-03-10 16:47:32 INFO  TestNGEngineForDesiredSuites:49 - INFO: The value found with Environment Module variable RecentRuns is: RecentRuns
2020-03-10 16:47:32 INFO  TestNGEngineForDesiredSuites:49 - The value found with Environment variable WIN_10_ie_3.150.1,WIN_10_chrome_77,WIN_10_firefox_0.26.0 is: WIN_10_ie_3.150.1,WIN_10_chrome_77,WIN_10_firefox_0.26.0
2020-03-10 16:47:33 INFO  TestNGEngineForDesiredSuites:49 - INFO: Clients Found: [FalconDemo]

2020-03-10 16:47:33 INFO  TestNGEngineForDesiredSuites:49 - INFO: Modules Selected: [RecentRuns]

2020-03-10 16:47:33 INFO  TestNGEngineForDesiredSuites:49 - INFO: New Suite Created with name: FalconDemo-Sample-WIN_10_chrome_77
2020-03-10 16:47:33 INFO  TestNGEngineForDesiredSuites:49 - <?xml version="1.0" encoding="UTF-8"?>
<!DOCTYPE suite SYSTEM "http://testng.org/testng-1.0.dtd">
<suite name="FalconDemo-Sample-WIN_10_chrome_77">
  <parameter name="os" value="WIN"/>
  <parameter name="osVersion" value="10"/>
  <parameter name="browser" value="chrome"/>
  <parameter name="browserVersion" value="77"/>
  <test thread-count="5" name="SampleTest">
    <classes>
      <class name="com.atmecs.qa.falcondashboard.testscript.TC17_RecentRuns"/>
      <class name="com.atmecs.qa.falcondashboard.testscript.TC18_ProductName"/>
      <class name="com.atmecs.qa.falcondashboard.testscript.TC19_ProductComponent"/>
      <class name="com.atmecs.qa.falcondashboard.testscript.TC21_PassPercentage"/>
      <class name="com.atmecs.qa.falcondashboard.testscript.TC22_DeleteOption"/>
      <class name="com.atmecs.qa.falcondashboard.testscript.TC35_LastRun"/>
    </classes>
  </test> <!-- SampleTest -->
</suite> <!-- FalconDemo-Sample-WIN_10_chrome_77 -->

2020-03-10 16:47:33 INFO  TestNGEngineForDesiredSuites:49 - INFO: New Suite Created with name: FalconDemo-Sample-WIN_10_firefox_0.26.0
2020-03-10 16:47:33 INFO  TestNGEngineForDesiredSuites:49 - <?xml version="1.0" encoding="UTF-8"?>
<!DOCTYPE suite SYSTEM "http://testng.org/testng-1.0.dtd">
<suite name="FalconDemo-Sample-WIN_10_firefox_0.26.0">
  <parameter name="os" value="WIN"/>
  <parameter name="osVersion" value="10"/>
  <parameter name="browser" value="firefox"/>
  <parameter name="browserVersion" value="0.26.0"/>
  <test thread-count="5" name="SampleTest">
    <classes>
      <class name="com.atmecs.qa.falcondashboard.testscript.TC17_RecentRuns"/>
      <class name="com.atmecs.qa.falcondashboard.testscript.TC18_ProductName"/>
      <class name="com.atmecs.qa.falcondashboard.testscript.TC19_ProductComponent"/>
      <class name="com.atmecs.qa.falcondashboard.testscript.TC21_PassPercentage"/>
      <class name="com.atmecs.qa.falcondashboard.testscript.TC22_DeleteOption"/>
      <class name="com.atmecs.qa.falcondashboard.testscript.TC35_LastRun"/>
    </classes>
  </test> <!-- SampleTest -->
</suite> <!-- FalconDemo-Sample-WIN_10_firefox_0.26.0 -->

2020-03-10 16:47:33 INFO  TestNGEngineForDesiredSuites:49 - INFO: New Suite Created with name: FalconDemo-Sample-WIN_10_ie_3.150.1
2020-03-10 16:47:33 INFO  TestNGEngineForDesiredSuites:49 - <?xml version="1.0" encoding="UTF-8"?>
<!DOCTYPE suite SYSTEM "http://testng.org/testng-1.0.dtd">
<suite name="FalconDemo-Sample-WIN_10_ie_3.150.1">
  <parameter name="os" value="WIN"/>
  <parameter name="osVersion" value="10"/>
  <parameter name="browser" value="ie"/>
  <parameter name="browserVersion" value="3.150.1"/>
  <test thread-count="5" name="SampleTest">
    <classes>
      <class name="com.atmecs.qa.falcondashboard.testscript.TC17_RecentRuns"/>
      <class name="com.atmecs.qa.falcondashboard.testscript.TC18_ProductName"/>
      <class name="com.atmecs.qa.falcondashboard.testscript.TC19_ProductComponent"/>
      <class name="com.atmecs.qa.falcondashboard.testscript.TC21_PassPercentage"/>
      <class name="com.atmecs.qa.falcondashboard.testscript.TC22_DeleteOption"/>
      <class name="com.atmecs.qa.falcondashboard.testscript.TC35_LastRun"/>
    </classes>
  </test> <!-- SampleTest -->
</suite> <!-- FalconDemo-Sample-WIN_10_ie_3.150.1 -->

2020-03-10 16:59:51 INFO  TestNGEngineForDesiredSuites:49 - INFO: The value found with Environment variable FalconDemo is: FalconDemo
2020-03-10 16:59:51 INFO  TestNGEngineForDesiredSuites:49 - INFO: The value found with Environment Module variable ProductPage is: ProductPage
2020-03-10 16:59:51 INFO  TestNGEngineForDesiredSuites:49 - The value found with Environment variable WIN_10_ie_3.150.1,WIN_10_chrome_77,WIN_10_firefox_0.26.0 is: WIN_10_ie_3.150.1,WIN_10_chrome_77,WIN_10_firefox_0.26.0
2020-03-10 16:59:51 INFO  TestNGEngineForDesiredSuites:49 - INFO: Clients Found: [FalconDemo]

2020-03-10 16:59:51 INFO  TestNGEngineForDesiredSuites:49 - INFO: Modules Selected: [ProductPage]

2020-03-10 16:59:51 INFO  TestNGEngineForDesiredSuites:49 - INFO: New Suite Created with name: FalconDemo-Sample-WIN_10_chrome_77
2020-03-10 16:59:51 INFO  TestNGEngineForDesiredSuites:49 - <?xml version="1.0" encoding="UTF-8"?>
<!DOCTYPE suite SYSTEM "http://testng.org/testng-1.0.dtd">
<suite name="FalconDemo-Sample-WIN_10_chrome_77">
  <parameter name="os" value="WIN"/>
  <parameter name="osVersion" value="10"/>
  <parameter name="browser" value="chrome"/>
  <parameter name="browserVersion" value="77"/>
  <test thread-count="5" name="SampleTest">
    <classes>
      <class name="com.atmecs.qa.falcondashboard.testscript.TC11_DownloadOption"/>
    </classes>
  </test> <!-- SampleTest -->
</suite> <!-- FalconDemo-Sample-WIN_10_chrome_77 -->

2020-03-10 16:59:51 INFO  TestNGEngineForDesiredSuites:49 - INFO: New Suite Created with name: FalconDemo-Sample-WIN_10_firefox_0.26.0
2020-03-10 16:59:51 INFO  TestNGEngineForDesiredSuites:49 - <?xml version="1.0" encoding="UTF-8"?>
<!DOCTYPE suite SYSTEM "http://testng.org/testng-1.0.dtd">
<suite name="FalconDemo-Sample-WIN_10_firefox_0.26.0">
  <parameter name="os" value="WIN"/>
  <parameter name="osVersion" value="10"/>
  <parameter name="browser" value="firefox"/>
  <parameter name="browserVersion" value="0.26.0"/>
  <test thread-count="5" name="SampleTest">
    <classes>
      <class name="com.atmecs.qa.falcondashboard.testscript.TC11_DownloadOption"/>
    </classes>
  </test> <!-- SampleTest -->
</suite> <!-- FalconDemo-Sample-WIN_10_firefox_0.26.0 -->

2020-03-10 16:59:51 INFO  TestNGEngineForDesiredSuites:49 - INFO: New Suite Created with name: FalconDemo-Sample-WIN_10_ie_3.150.1
2020-03-10 16:59:51 INFO  TestNGEngineForDesiredSuites:49 - <?xml version="1.0" encoding="UTF-8"?>
<!DOCTYPE suite SYSTEM "http://testng.org/testng-1.0.dtd">
<suite name="FalconDemo-Sample-WIN_10_ie_3.150.1">
  <parameter name="os" value="WIN"/>
  <parameter name="osVersion" value="10"/>
  <parameter name="browser" value="ie"/>
  <parameter name="browserVersion" value="3.150.1"/>
  <test thread-count="5" name="SampleTest">
    <classes>
      <class name="com.atmecs.qa.falcondashboard.testscript.TC11_DownloadOption"/>
    </classes>
  </test> <!-- SampleTest -->
</suite> <!-- FalconDemo-Sample-WIN_10_ie_3.150.1 -->

2020-03-10 17:25:08 INFO  TestNGEngineForDesiredSuites:49 - INFO: The value found with Environment variable FalconDemo is: FalconDemo
2020-03-10 17:25:08 INFO  TestNGEngineForDesiredSuites:49 - INFO: The value found with Environment Module variable ProductPage is: ProductPage
2020-03-10 17:25:08 INFO  TestNGEngineForDesiredSuites:49 - The value found with Environment variable WIN_10_ie_3.150.1,WIN_10_chrome_77,WIN_10_firefox_0.26.0 is: WIN_10_ie_3.150.1,WIN_10_chrome_77,WIN_10_firefox_0.26.0
2020-03-10 17:25:08 INFO  TestNGEngineForDesiredSuites:49 - INFO: Clients Found: [FalconDemo]

2020-03-10 17:25:08 INFO  TestNGEngineForDesiredSuites:49 - INFO: Modules Selected: [ProductPage]

2020-03-10 17:25:08 INFO  TestNGEngineForDesiredSuites:49 - INFO: New Suite Created with name: FalconDemo-Sample-WIN_10_chrome_77
2020-03-10 17:25:08 INFO  TestNGEngineForDesiredSuites:49 - <?xml version="1.0" encoding="UTF-8"?>
<!DOCTYPE suite SYSTEM "http://testng.org/testng-1.0.dtd">
<suite name="FalconDemo-Sample-WIN_10_chrome_77">
  <parameter name="os" value="WIN"/>
  <parameter name="osVersion" value="10"/>
  <parameter name="browser" value="chrome"/>
  <parameter name="browserVersion" value="77"/>
  <test thread-count="5" name="SampleTest">
    <classes>
      <class name="com.atmecs.qa.falcondashboard.testscript.TC11_DownloadOption"/>
    </classes>
  </test> <!-- SampleTest -->
</suite> <!-- FalconDemo-Sample-WIN_10_chrome_77 -->

2020-03-10 17:25:08 INFO  TestNGEngineForDesiredSuites:49 - INFO: New Suite Created with name: FalconDemo-Sample-WIN_10_firefox_0.26.0
2020-03-10 17:25:08 INFO  TestNGEngineForDesiredSuites:49 - <?xml version="1.0" encoding="UTF-8"?>
<!DOCTYPE suite SYSTEM "http://testng.org/testng-1.0.dtd">
<suite name="FalconDemo-Sample-WIN_10_firefox_0.26.0">
  <parameter name="os" value="WIN"/>
  <parameter name="osVersion" value="10"/>
  <parameter name="browser" value="firefox"/>
  <parameter name="browserVersion" value="0.26.0"/>
  <test thread-count="5" name="SampleTest">
    <classes>
      <class name="com.atmecs.qa.falcondashboard.testscript.TC11_DownloadOption"/>
    </classes>
  </test> <!-- SampleTest -->
</suite> <!-- FalconDemo-Sample-WIN_10_firefox_0.26.0 -->

2020-03-10 17:25:08 INFO  TestNGEngineForDesiredSuites:49 - INFO: New Suite Created with name: FalconDemo-Sample-WIN_10_ie_3.150.1
2020-03-10 17:25:08 INFO  TestNGEngineForDesiredSuites:49 - <?xml version="1.0" encoding="UTF-8"?>
<!DOCTYPE suite SYSTEM "http://testng.org/testng-1.0.dtd">
<suite name="FalconDemo-Sample-WIN_10_ie_3.150.1">
  <parameter name="os" value="WIN"/>
  <parameter name="osVersion" value="10"/>
  <parameter name="browser" value="ie"/>
  <parameter name="browserVersion" value="3.150.1"/>
  <test thread-count="5" name="SampleTest">
    <classes>
      <class name="com.atmecs.qa.falcondashboard.testscript.TC11_DownloadOption"/>
    </classes>
  </test> <!-- SampleTest -->
</suite> <!-- FalconDemo-Sample-WIN_10_ie_3.150.1 -->

2020-03-10 17:32:23 INFO  TestNGEngineForDesiredSuites:49 - INFO: The value found with Environment variable FalconDemo is: FalconDemo
2020-03-10 17:32:23 INFO  TestNGEngineForDesiredSuites:49 - INFO: The value found with Environment Module variable ProductPage is: ProductPage
2020-03-10 17:32:23 INFO  TestNGEngineForDesiredSuites:49 - The value found with Environment variable WIN_10_ie_3.150.1,WIN_10_chrome_77,WIN_10_firefox_0.26.0 is: WIN_10_ie_3.150.1,WIN_10_chrome_77,WIN_10_firefox_0.26.0
2020-03-10 17:32:24 INFO  TestNGEngineForDesiredSuites:49 - INFO: Clients Found: [FalconDemo]

2020-03-10 17:32:24 INFO  TestNGEngineForDesiredSuites:49 - INFO: Modules Selected: [ProductPage]

2020-03-10 17:32:24 INFO  TestNGEngineForDesiredSuites:49 - INFO: New Suite Created with name: FalconDemo-Sample-WIN_10_chrome_77
2020-03-10 17:32:24 INFO  TestNGEngineForDesiredSuites:49 - <?xml version="1.0" encoding="UTF-8"?>
<!DOCTYPE suite SYSTEM "http://testng.org/testng-1.0.dtd">
<suite name="FalconDemo-Sample-WIN_10_chrome_77">
  <parameter name="os" value="WIN"/>
  <parameter name="osVersion" value="10"/>
  <parameter name="browser" value="chrome"/>
  <parameter name="browserVersion" value="77"/>
  <test thread-count="5" name="SampleTest">
    <classes>
      <class name="com.atmecs.qa.falcondashboard.testscript.TC11_DownloadOption"/>
    </classes>
  </test> <!-- SampleTest -->
</suite> <!-- FalconDemo-Sample-WIN_10_chrome_77 -->

2020-03-10 17:32:24 INFO  TestNGEngineForDesiredSuites:49 - INFO: New Suite Created with name: FalconDemo-Sample-WIN_10_firefox_0.26.0
2020-03-10 17:32:24 INFO  TestNGEngineForDesiredSuites:49 - <?xml version="1.0" encoding="UTF-8"?>
<!DOCTYPE suite SYSTEM "http://testng.org/testng-1.0.dtd">
<suite name="FalconDemo-Sample-WIN_10_firefox_0.26.0">
  <parameter name="os" value="WIN"/>
  <parameter name="osVersion" value="10"/>
  <parameter name="browser" value="firefox"/>
  <parameter name="browserVersion" value="0.26.0"/>
  <test thread-count="5" name="SampleTest">
    <classes>
      <class name="com.atmecs.qa.falcondashboard.testscript.TC11_DownloadOption"/>
    </classes>
  </test> <!-- SampleTest -->
</suite> <!-- FalconDemo-Sample-WIN_10_firefox_0.26.0 -->

2020-03-10 17:32:24 INFO  TestNGEngineForDesiredSuites:49 - INFO: New Suite Created with name: FalconDemo-Sample-WIN_10_ie_3.150.1
2020-03-10 17:32:24 INFO  TestNGEngineForDesiredSuites:49 - <?xml version="1.0" encoding="UTF-8"?>
<!DOCTYPE suite SYSTEM "http://testng.org/testng-1.0.dtd">
<suite name="FalconDemo-Sample-WIN_10_ie_3.150.1">
  <parameter name="os" value="WIN"/>
  <parameter name="osVersion" value="10"/>
  <parameter name="browser" value="ie"/>
  <parameter name="browserVersion" value="3.150.1"/>
  <test thread-count="5" name="SampleTest">
    <classes>
      <class name="com.atmecs.qa.falcondashboard.testscript.TC11_DownloadOption"/>
    </classes>
  </test> <!-- SampleTest -->
</suite> <!-- FalconDemo-Sample-WIN_10_ie_3.150.1 -->

2020-03-10 17:45:24 INFO  TestNGEngineForDesiredSuites:49 - INFO: The value found with Environment variable FalconDemo is: FalconDemo
2020-03-10 17:45:24 INFO  TestNGEngineForDesiredSuites:49 - INFO: The value found with Environment Module variable ProductPage is: ProductPage
2020-03-10 17:45:24 INFO  TestNGEngineForDesiredSuites:49 - The value found with Environment variable WIN_10_ie_3.150.1,WIN_10_chrome_77,WIN_10_firefox_0.26.0 is: WIN_10_ie_3.150.1,WIN_10_chrome_77,WIN_10_firefox_0.26.0
2020-03-10 17:45:25 INFO  TestNGEngineForDesiredSuites:49 - INFO: Clients Found: [FalconDemo]

2020-03-10 17:45:25 INFO  TestNGEngineForDesiredSuites:49 - INFO: Modules Selected: [ProductPage]

2020-03-10 17:45:25 INFO  TestNGEngineForDesiredSuites:49 - INFO: New Suite Created with name: FalconDemo-Sample-WIN_10_chrome_77
2020-03-10 17:45:25 INFO  TestNGEngineForDesiredSuites:49 - <?xml version="1.0" encoding="UTF-8"?>
<!DOCTYPE suite SYSTEM "http://testng.org/testng-1.0.dtd">
<suite name="FalconDemo-Sample-WIN_10_chrome_77">
  <parameter name="os" value="WIN"/>
  <parameter name="osVersion" value="10"/>
  <parameter name="browser" value="chrome"/>
  <parameter name="browserVersion" value="77"/>
  <test thread-count="5" name="SampleTest">
    <classes>
      <class name="com.atmecs.qa.falcondashboard.testscript.TC11_DownloadOption"/>
    </classes>
  </test> <!-- SampleTest -->
</suite> <!-- FalconDemo-Sample-WIN_10_chrome_77 -->

2020-03-10 17:45:25 INFO  TestNGEngineForDesiredSuites:49 - INFO: New Suite Created with name: FalconDemo-Sample-WIN_10_firefox_0.26.0
2020-03-10 17:45:25 INFO  TestNGEngineForDesiredSuites:49 - <?xml version="1.0" encoding="UTF-8"?>
<!DOCTYPE suite SYSTEM "http://testng.org/testng-1.0.dtd">
<suite name="FalconDemo-Sample-WIN_10_firefox_0.26.0">
  <parameter name="os" value="WIN"/>
  <parameter name="osVersion" value="10"/>
  <parameter name="browser" value="firefox"/>
  <parameter name="browserVersion" value="0.26.0"/>
  <test thread-count="5" name="SampleTest">
    <classes>
      <class name="com.atmecs.qa.falcondashboard.testscript.TC11_DownloadOption"/>
    </classes>
  </test> <!-- SampleTest -->
</suite> <!-- FalconDemo-Sample-WIN_10_firefox_0.26.0 -->

2020-03-10 17:45:25 INFO  TestNGEngineForDesiredSuites:49 - INFO: New Suite Created with name: FalconDemo-Sample-WIN_10_ie_3.150.1
2020-03-10 17:45:25 INFO  TestNGEngineForDesiredSuites:49 - <?xml version="1.0" encoding="UTF-8"?>
<!DOCTYPE suite SYSTEM "http://testng.org/testng-1.0.dtd">
<suite name="FalconDemo-Sample-WIN_10_ie_3.150.1">
  <parameter name="os" value="WIN"/>
  <parameter name="osVersion" value="10"/>
  <parameter name="browser" value="ie"/>
  <parameter name="browserVersion" value="3.150.1"/>
  <test thread-count="5" name="SampleTest">
    <classes>
      <class name="com.atmecs.qa.falcondashboard.testscript.TC11_DownloadOption"/>
    </classes>
  </test> <!-- SampleTest -->
</suite> <!-- FalconDemo-Sample-WIN_10_ie_3.150.1 -->

2020-03-10 17:49:05 INFO  TestNGEngineForDesiredSuites:49 - INFO: The value found with Environment variable FalconDemo is: FalconDemo
2020-03-10 17:49:05 INFO  TestNGEngineForDesiredSuites:49 - INFO: The value found with Environment Module variable ProductPage is: ProductPage
2020-03-10 17:49:05 INFO  TestNGEngineForDesiredSuites:49 - The value found with Environment variable WIN_10_ie_3.150.1,WIN_10_chrome_77,WIN_10_firefox_0.26.0 is: WIN_10_ie_3.150.1,WIN_10_chrome_77,WIN_10_firefox_0.26.0
2020-03-10 17:49:05 INFO  TestNGEngineForDesiredSuites:49 - INFO: Clients Found: [FalconDemo]

2020-03-10 17:49:05 INFO  TestNGEngineForDesiredSuites:49 - INFO: Modules Selected: [ProductPage]

2020-03-10 17:49:05 INFO  TestNGEngineForDesiredSuites:49 - INFO: New Suite Created with name: FalconDemo-Sample-WIN_10_chrome_77
2020-03-10 17:49:05 INFO  TestNGEngineForDesiredSuites:49 - <?xml version="1.0" encoding="UTF-8"?>
<!DOCTYPE suite SYSTEM "http://testng.org/testng-1.0.dtd">
<suite name="FalconDemo-Sample-WIN_10_chrome_77">
  <parameter name="os" value="WIN"/>
  <parameter name="osVersion" value="10"/>
  <parameter name="browser" value="chrome"/>
  <parameter name="browserVersion" value="77"/>
  <test thread-count="5" name="SampleTest">
    <classes>
      <class name="com.atmecs.qa.falcondashboard.testscript.TC11_DownloadOption"/>
    </classes>
  </test> <!-- SampleTest -->
</suite> <!-- FalconDemo-Sample-WIN_10_chrome_77 -->

2020-03-10 17:49:05 INFO  TestNGEngineForDesiredSuites:49 - INFO: New Suite Created with name: FalconDemo-Sample-WIN_10_firefox_0.26.0
2020-03-10 17:49:05 INFO  TestNGEngineForDesiredSuites:49 - <?xml version="1.0" encoding="UTF-8"?>
<!DOCTYPE suite SYSTEM "http://testng.org/testng-1.0.dtd">
<suite name="FalconDemo-Sample-WIN_10_firefox_0.26.0">
  <parameter name="os" value="WIN"/>
  <parameter name="osVersion" value="10"/>
  <parameter name="browser" value="firefox"/>
  <parameter name="browserVersion" value="0.26.0"/>
  <test thread-count="5" name="SampleTest">
    <classes>
      <class name="com.atmecs.qa.falcondashboard.testscript.TC11_DownloadOption"/>
    </classes>
  </test> <!-- SampleTest -->
</suite> <!-- FalconDemo-Sample-WIN_10_firefox_0.26.0 -->

2020-03-10 17:49:05 INFO  TestNGEngineForDesiredSuites:49 - INFO: New Suite Created with name: FalconDemo-Sample-WIN_10_ie_3.150.1
2020-03-10 17:49:05 INFO  TestNGEngineForDesiredSuites:49 - <?xml version="1.0" encoding="UTF-8"?>
<!DOCTYPE suite SYSTEM "http://testng.org/testng-1.0.dtd">
<suite name="FalconDemo-Sample-WIN_10_ie_3.150.1">
  <parameter name="os" value="WIN"/>
  <parameter name="osVersion" value="10"/>
  <parameter name="browser" value="ie"/>
  <parameter name="browserVersion" value="3.150.1"/>
  <test thread-count="5" name="SampleTest">
    <classes>
      <class name="com.atmecs.qa.falcondashboard.testscript.TC11_DownloadOption"/>
    </classes>
  </test> <!-- SampleTest -->
</suite> <!-- FalconDemo-Sample-WIN_10_ie_3.150.1 -->

2020-03-10 17:52:29 INFO  TestNGEngineForDesiredSuites:49 - INFO: The value found with Environment variable FalconDemo is: FalconDemo
2020-03-10 17:52:29 INFO  TestNGEngineForDesiredSuites:49 - INFO: The value found with Environment Module variable ProductPage is: ProductPage
2020-03-10 17:52:29 INFO  TestNGEngineForDesiredSuites:49 - The value found with Environment variable WIN_10_ie_3.150.1,WIN_10_chrome_77,WIN_10_firefox_0.26.0 is: WIN_10_ie_3.150.1,WIN_10_chrome_77,WIN_10_firefox_0.26.0
2020-03-10 17:52:29 INFO  TestNGEngineForDesiredSuites:49 - INFO: Clients Found: [FalconDemo]

2020-03-10 17:52:29 INFO  TestNGEngineForDesiredSuites:49 - INFO: Modules Selected: [ProductPage]

2020-03-10 17:52:29 INFO  TestNGEngineForDesiredSuites:49 - INFO: New Suite Created with name: FalconDemo-Sample-WIN_10_chrome_77
2020-03-10 17:52:29 INFO  TestNGEngineForDesiredSuites:49 - <?xml version="1.0" encoding="UTF-8"?>
<!DOCTYPE suite SYSTEM "http://testng.org/testng-1.0.dtd">
<suite name="FalconDemo-Sample-WIN_10_chrome_77">
  <parameter name="os" value="WIN"/>
  <parameter name="osVersion" value="10"/>
  <parameter name="browser" value="chrome"/>
  <parameter name="browserVersion" value="77"/>
  <test thread-count="5" name="SampleTest">
    <classes>
      <class name="com.atmecs.qa.falcondashboard.testscript.TC11_DownloadOption"/>
    </classes>
  </test> <!-- SampleTest -->
</suite> <!-- FalconDemo-Sample-WIN_10_chrome_77 -->

2020-03-10 17:52:29 INFO  TestNGEngineForDesiredSuites:49 - INFO: New Suite Created with name: FalconDemo-Sample-WIN_10_firefox_0.26.0
2020-03-10 17:52:29 INFO  TestNGEngineForDesiredSuites:49 - <?xml version="1.0" encoding="UTF-8"?>
<!DOCTYPE suite SYSTEM "http://testng.org/testng-1.0.dtd">
<suite name="FalconDemo-Sample-WIN_10_firefox_0.26.0">
  <parameter name="os" value="WIN"/>
  <parameter name="osVersion" value="10"/>
  <parameter name="browser" value="firefox"/>
  <parameter name="browserVersion" value="0.26.0"/>
  <test thread-count="5" name="SampleTest">
    <classes>
      <class name="com.atmecs.qa.falcondashboard.testscript.TC11_DownloadOption"/>
    </classes>
  </test> <!-- SampleTest -->
</suite> <!-- FalconDemo-Sample-WIN_10_firefox_0.26.0 -->

2020-03-10 17:52:29 INFO  TestNGEngineForDesiredSuites:49 - INFO: New Suite Created with name: FalconDemo-Sample-WIN_10_ie_3.150.1
2020-03-10 17:52:29 INFO  TestNGEngineForDesiredSuites:49 - <?xml version="1.0" encoding="UTF-8"?>
<!DOCTYPE suite SYSTEM "http://testng.org/testng-1.0.dtd">
<suite name="FalconDemo-Sample-WIN_10_ie_3.150.1">
  <parameter name="os" value="WIN"/>
  <parameter name="osVersion" value="10"/>
  <parameter name="browser" value="ie"/>
  <parameter name="browserVersion" value="3.150.1"/>
  <test thread-count="5" name="SampleTest">
    <classes>
      <class name="com.atmecs.qa.falcondashboard.testscript.TC11_DownloadOption"/>
    </classes>
  </test> <!-- SampleTest -->
</suite> <!-- FalconDemo-Sample-WIN_10_ie_3.150.1 -->

2020-03-10 17:55:04 INFO  TestNGEngineForDesiredSuites:49 - INFO: The value found with Environment variable FalconDemo is: FalconDemo
2020-03-10 17:55:04 INFO  TestNGEngineForDesiredSuites:49 - INFO: The value found with Environment Module variable ProductPage is: ProductPage
2020-03-10 17:55:04 INFO  TestNGEngineForDesiredSuites:49 - The value found with Environment variable WIN_10_ie_3.150.1,WIN_10_chrome_77,WIN_10_firefox_0.26.0 is: WIN_10_ie_3.150.1,WIN_10_chrome_77,WIN_10_firefox_0.26.0
2020-03-10 17:55:04 INFO  TestNGEngineForDesiredSuites:49 - INFO: Clients Found: [FalconDemo]

2020-03-10 17:55:04 INFO  TestNGEngineForDesiredSuites:49 - INFO: Modules Selected: [ProductPage]

2020-03-10 17:55:04 INFO  TestNGEngineForDesiredSuites:49 - INFO: New Suite Created with name: FalconDemo-Sample-WIN_10_chrome_77
2020-03-10 17:55:04 INFO  TestNGEngineForDesiredSuites:49 - <?xml version="1.0" encoding="UTF-8"?>
<!DOCTYPE suite SYSTEM "http://testng.org/testng-1.0.dtd">
<suite name="FalconDemo-Sample-WIN_10_chrome_77">
  <parameter name="os" value="WIN"/>
  <parameter name="osVersion" value="10"/>
  <parameter name="browser" value="chrome"/>
  <parameter name="browserVersion" value="77"/>
  <test thread-count="5" name="SampleTest">
    <classes>
      <class name="com.atmecs.qa.falcondashboard.testscript.TC11_DownloadOption"/>
    </classes>
  </test> <!-- SampleTest -->
</suite> <!-- FalconDemo-Sample-WIN_10_chrome_77 -->

2020-03-10 17:55:04 INFO  TestNGEngineForDesiredSuites:49 - INFO: New Suite Created with name: FalconDemo-Sample-WIN_10_firefox_0.26.0
2020-03-10 17:55:04 INFO  TestNGEngineForDesiredSuites:49 - <?xml version="1.0" encoding="UTF-8"?>
<!DOCTYPE suite SYSTEM "http://testng.org/testng-1.0.dtd">
<suite name="FalconDemo-Sample-WIN_10_firefox_0.26.0">
  <parameter name="os" value="WIN"/>
  <parameter name="osVersion" value="10"/>
  <parameter name="browser" value="firefox"/>
  <parameter name="browserVersion" value="0.26.0"/>
  <test thread-count="5" name="SampleTest">
    <classes>
      <class name="com.atmecs.qa.falcondashboard.testscript.TC11_DownloadOption"/>
    </classes>
  </test> <!-- SampleTest -->
</suite> <!-- FalconDemo-Sample-WIN_10_firefox_0.26.0 -->

2020-03-10 17:55:04 INFO  TestNGEngineForDesiredSuites:49 - INFO: New Suite Created with name: FalconDemo-Sample-WIN_10_ie_3.150.1
2020-03-10 17:55:04 INFO  TestNGEngineForDesiredSuites:49 - <?xml version="1.0" encoding="UTF-8"?>
<!DOCTYPE suite SYSTEM "http://testng.org/testng-1.0.dtd">
<suite name="FalconDemo-Sample-WIN_10_ie_3.150.1">
  <parameter name="os" value="WIN"/>
  <parameter name="osVersion" value="10"/>
  <parameter name="browser" value="ie"/>
  <parameter name="browserVersion" value="3.150.1"/>
  <test thread-count="5" name="SampleTest">
    <classes>
      <class name="com.atmecs.qa.falcondashboard.testscript.TC11_DownloadOption"/>
    </classes>
  </test> <!-- SampleTest -->
</suite> <!-- FalconDemo-Sample-WIN_10_ie_3.150.1 -->

2020-03-10 18:01:06 INFO  TestNGEngineForDesiredSuites:49 - INFO: The value found with Environment variable FalconDemo is: FalconDemo
2020-03-10 18:01:06 INFO  TestNGEngineForDesiredSuites:49 - INFO: The value found with Environment Module variable ProductPage is: ProductPage
2020-03-10 18:01:06 INFO  TestNGEngineForDesiredSuites:49 - The value found with Environment variable WIN_10_ie_3.150.1,WIN_10_chrome_77,WIN_10_firefox_0.26.0 is: WIN_10_ie_3.150.1,WIN_10_chrome_77,WIN_10_firefox_0.26.0
2020-03-10 18:01:06 INFO  TestNGEngineForDesiredSuites:49 - INFO: Clients Found: [FalconDemo]

2020-03-10 18:01:06 INFO  TestNGEngineForDesiredSuites:49 - INFO: Modules Selected: [ProductPage]

2020-03-10 18:01:06 INFO  TestNGEngineForDesiredSuites:49 - INFO: New Suite Created with name: FalconDemo-Sample-WIN_10_chrome_77
2020-03-10 18:01:06 INFO  TestNGEngineForDesiredSuites:49 - <?xml version="1.0" encoding="UTF-8"?>
<!DOCTYPE suite SYSTEM "http://testng.org/testng-1.0.dtd">
<suite name="FalconDemo-Sample-WIN_10_chrome_77">
  <parameter name="os" value="WIN"/>
  <parameter name="osVersion" value="10"/>
  <parameter name="browser" value="chrome"/>
  <parameter name="browserVersion" value="77"/>
  <test thread-count="5" name="SampleTest">
    <classes>
      <class name="com.atmecs.qa.falcondashboard.testscript.TC11_DownloadOption"/>
    </classes>
  </test> <!-- SampleTest -->
</suite> <!-- FalconDemo-Sample-WIN_10_chrome_77 -->

2020-03-10 18:01:06 INFO  TestNGEngineForDesiredSuites:49 - INFO: New Suite Created with name: FalconDemo-Sample-WIN_10_firefox_0.26.0
2020-03-10 18:01:06 INFO  TestNGEngineForDesiredSuites:49 - <?xml version="1.0" encoding="UTF-8"?>
<!DOCTYPE suite SYSTEM "http://testng.org/testng-1.0.dtd">
<suite name="FalconDemo-Sample-WIN_10_firefox_0.26.0">
  <parameter name="os" value="WIN"/>
  <parameter name="osVersion" value="10"/>
  <parameter name="browser" value="firefox"/>
  <parameter name="browserVersion" value="0.26.0"/>
  <test thread-count="5" name="SampleTest">
    <classes>
      <class name="com.atmecs.qa.falcondashboard.testscript.TC11_DownloadOption"/>
    </classes>
  </test> <!-- SampleTest -->
</suite> <!-- FalconDemo-Sample-WIN_10_firefox_0.26.0 -->

2020-03-10 18:01:06 INFO  TestNGEngineForDesiredSuites:49 - INFO: New Suite Created with name: FalconDemo-Sample-WIN_10_ie_3.150.1
2020-03-10 18:01:06 INFO  TestNGEngineForDesiredSuites:49 - <?xml version="1.0" encoding="UTF-8"?>
<!DOCTYPE suite SYSTEM "http://testng.org/testng-1.0.dtd">
<suite name="FalconDemo-Sample-WIN_10_ie_3.150.1">
  <parameter name="os" value="WIN"/>
  <parameter name="osVersion" value="10"/>
  <parameter name="browser" value="ie"/>
  <parameter name="browserVersion" value="3.150.1"/>
  <test thread-count="5" name="SampleTest">
    <classes>
      <class name="com.atmecs.qa.falcondashboard.testscript.TC11_DownloadOption"/>
    </classes>
  </test> <!-- SampleTest -->
</suite> <!-- FalconDemo-Sample-WIN_10_ie_3.150.1 -->

2020-03-10 18:05:33 INFO  TestNGEngineForDesiredSuites:49 - INFO: The value found with Environment variable FalconDemo is: FalconDemo
2020-03-10 18:05:33 INFO  TestNGEngineForDesiredSuites:49 - INFO: The value found with Environment Module variable ProductPage is: ProductPage
2020-03-10 18:05:33 INFO  TestNGEngineForDesiredSuites:49 - The value found with Environment variable WIN_10_ie_3.150.1,WIN_10_chrome_77,WIN_10_firefox_0.26.0 is: WIN_10_ie_3.150.1,WIN_10_chrome_77,WIN_10_firefox_0.26.0
2020-03-10 18:05:33 INFO  TestNGEngineForDesiredSuites:49 - INFO: Clients Found: [FalconDemo]

2020-03-10 18:05:33 INFO  TestNGEngineForDesiredSuites:49 - INFO: Modules Selected: [ProductPage]

2020-03-10 18:05:33 INFO  TestNGEngineForDesiredSuites:49 - INFO: New Suite Created with name: FalconDemo-Sample-WIN_10_chrome_77
2020-03-10 18:05:33 INFO  TestNGEngineForDesiredSuites:49 - <?xml version="1.0" encoding="UTF-8"?>
<!DOCTYPE suite SYSTEM "http://testng.org/testng-1.0.dtd">
<suite name="FalconDemo-Sample-WIN_10_chrome_77">
  <parameter name="os" value="WIN"/>
  <parameter name="osVersion" value="10"/>
  <parameter name="browser" value="chrome"/>
  <parameter name="browserVersion" value="77"/>
  <test thread-count="5" name="SampleTest">
    <classes>
      <class name="com.atmecs.qa.falcondashboard.testscript.TC11_DownloadOption"/>
    </classes>
  </test> <!-- SampleTest -->
</suite> <!-- FalconDemo-Sample-WIN_10_chrome_77 -->

2020-03-10 18:05:33 INFO  TestNGEngineForDesiredSuites:49 - INFO: New Suite Created with name: FalconDemo-Sample-WIN_10_firefox_0.26.0
2020-03-10 18:05:33 INFO  TestNGEngineForDesiredSuites:49 - <?xml version="1.0" encoding="UTF-8"?>
<!DOCTYPE suite SYSTEM "http://testng.org/testng-1.0.dtd">
<suite name="FalconDemo-Sample-WIN_10_firefox_0.26.0">
  <parameter name="os" value="WIN"/>
  <parameter name="osVersion" value="10"/>
  <parameter name="browser" value="firefox"/>
  <parameter name="browserVersion" value="0.26.0"/>
  <test thread-count="5" name="SampleTest">
    <classes>
      <class name="com.atmecs.qa.falcondashboard.testscript.TC11_DownloadOption"/>
    </classes>
  </test> <!-- SampleTest -->
</suite> <!-- FalconDemo-Sample-WIN_10_firefox_0.26.0 -->

2020-03-10 18:05:33 INFO  TestNGEngineForDesiredSuites:49 - INFO: New Suite Created with name: FalconDemo-Sample-WIN_10_ie_3.150.1
2020-03-10 18:05:33 INFO  TestNGEngineForDesiredSuites:49 - <?xml version="1.0" encoding="UTF-8"?>
<!DOCTYPE suite SYSTEM "http://testng.org/testng-1.0.dtd">
<suite name="FalconDemo-Sample-WIN_10_ie_3.150.1">
  <parameter name="os" value="WIN"/>
  <parameter name="osVersion" value="10"/>
  <parameter name="browser" value="ie"/>
  <parameter name="browserVersion" value="3.150.1"/>
  <test thread-count="5" name="SampleTest">
    <classes>
      <class name="com.atmecs.qa.falcondashboard.testscript.TC11_DownloadOption"/>
    </classes>
  </test> <!-- SampleTest -->
</suite> <!-- FalconDemo-Sample-WIN_10_ie_3.150.1 -->

2020-03-10 18:09:36 INFO  TestNGEngineForDesiredSuites:49 - INFO: The value found with Environment variable FalconDemo is: FalconDemo
2020-03-10 18:09:36 INFO  TestNGEngineForDesiredSuites:49 - INFO: The value found with Environment Module variable ProductPage is: ProductPage
2020-03-10 18:09:36 INFO  TestNGEngineForDesiredSuites:49 - The value found with Environment variable WIN_10_ie_3.150.1,WIN_10_chrome_77,WIN_10_firefox_0.26.0 is: WIN_10_ie_3.150.1,WIN_10_chrome_77,WIN_10_firefox_0.26.0
2020-03-10 18:09:37 INFO  TestNGEngineForDesiredSuites:49 - INFO: Clients Found: [FalconDemo]

2020-03-10 18:09:37 INFO  TestNGEngineForDesiredSuites:49 - INFO: Modules Selected: [ProductPage]

2020-03-10 18:09:37 INFO  TestNGEngineForDesiredSuites:49 - INFO: New Suite Created with name: FalconDemo-Sample-WIN_10_chrome_77
2020-03-10 18:09:37 INFO  TestNGEngineForDesiredSuites:49 - <?xml version="1.0" encoding="UTF-8"?>
<!DOCTYPE suite SYSTEM "http://testng.org/testng-1.0.dtd">
<suite name="FalconDemo-Sample-WIN_10_chrome_77">
  <parameter name="os" value="WIN"/>
  <parameter name="osVersion" value="10"/>
  <parameter name="browser" value="chrome"/>
  <parameter name="browserVersion" value="77"/>
  <test thread-count="5" name="SampleTest">
    <classes>
      <class name="com.atmecs.qa.falcondashboard.testscript.TC11_DownloadOption"/>
    </classes>
  </test> <!-- SampleTest -->
</suite> <!-- FalconDemo-Sample-WIN_10_chrome_77 -->

2020-03-10 18:09:37 INFO  TestNGEngineForDesiredSuites:49 - INFO: New Suite Created with name: FalconDemo-Sample-WIN_10_firefox_0.26.0
2020-03-10 18:09:37 INFO  TestNGEngineForDesiredSuites:49 - <?xml version="1.0" encoding="UTF-8"?>
<!DOCTYPE suite SYSTEM "http://testng.org/testng-1.0.dtd">
<suite name="FalconDemo-Sample-WIN_10_firefox_0.26.0">
  <parameter name="os" value="WIN"/>
  <parameter name="osVersion" value="10"/>
  <parameter name="browser" value="firefox"/>
  <parameter name="browserVersion" value="0.26.0"/>
  <test thread-count="5" name="SampleTest">
    <classes>
      <class name="com.atmecs.qa.falcondashboard.testscript.TC11_DownloadOption"/>
    </classes>
  </test> <!-- SampleTest -->
</suite> <!-- FalconDemo-Sample-WIN_10_firefox_0.26.0 -->

2020-03-10 18:09:37 INFO  TestNGEngineForDesiredSuites:49 - INFO: New Suite Created with name: FalconDemo-Sample-WIN_10_ie_3.150.1
2020-03-10 18:09:37 INFO  TestNGEngineForDesiredSuites:49 - <?xml version="1.0" encoding="UTF-8"?>
<!DOCTYPE suite SYSTEM "http://testng.org/testng-1.0.dtd">
<suite name="FalconDemo-Sample-WIN_10_ie_3.150.1">
  <parameter name="os" value="WIN"/>
  <parameter name="osVersion" value="10"/>
  <parameter name="browser" value="ie"/>
  <parameter name="browserVersion" value="3.150.1"/>
  <test thread-count="5" name="SampleTest">
    <classes>
      <class name="com.atmecs.qa.falcondashboard.testscript.TC11_DownloadOption"/>
    </classes>
  </test> <!-- SampleTest -->
</suite> <!-- FalconDemo-Sample-WIN_10_ie_3.150.1 -->

2020-03-10 18:13:01 INFO  TestNGEngineForDesiredSuites:49 - INFO: The value found with Environment variable FalconDemo is: FalconDemo
2020-03-10 18:13:01 INFO  TestNGEngineForDesiredSuites:49 - INFO: The value found with Environment Module variable ProductPage is: ProductPage
2020-03-10 18:13:01 INFO  TestNGEngineForDesiredSuites:49 - The value found with Environment variable WIN_10_ie_3.150.1,WIN_10_chrome_77,WIN_10_firefox_0.26.0 is: WIN_10_ie_3.150.1,WIN_10_chrome_77,WIN_10_firefox_0.26.0
2020-03-10 18:13:02 INFO  TestNGEngineForDesiredSuites:49 - INFO: Clients Found: [FalconDemo]

2020-03-10 18:13:02 INFO  TestNGEngineForDesiredSuites:49 - INFO: Modules Selected: [ProductPage]

2020-03-10 18:13:02 INFO  TestNGEngineForDesiredSuites:49 - INFO: New Suite Created with name: FalconDemo-Sample-WIN_10_chrome_77
2020-03-10 18:13:02 INFO  TestNGEngineForDesiredSuites:49 - <?xml version="1.0" encoding="UTF-8"?>
<!DOCTYPE suite SYSTEM "http://testng.org/testng-1.0.dtd">
<suite name="FalconDemo-Sample-WIN_10_chrome_77">
  <parameter name="os" value="WIN"/>
  <parameter name="osVersion" value="10"/>
  <parameter name="browser" value="chrome"/>
  <parameter name="browserVersion" value="77"/>
  <test thread-count="5" name="SampleTest">
    <classes>
      <class name="com.atmecs.qa.falcondashboard.testscript.TC11_DownloadOption"/>
    </classes>
  </test> <!-- SampleTest -->
</suite> <!-- FalconDemo-Sample-WIN_10_chrome_77 -->

2020-03-10 18:13:02 INFO  TestNGEngineForDesiredSuites:49 - INFO: New Suite Created with name: FalconDemo-Sample-WIN_10_firefox_0.26.0
2020-03-10 18:13:02 INFO  TestNGEngineForDesiredSuites:49 - <?xml version="1.0" encoding="UTF-8"?>
<!DOCTYPE suite SYSTEM "http://testng.org/testng-1.0.dtd">
<suite name="FalconDemo-Sample-WIN_10_firefox_0.26.0">
  <parameter name="os" value="WIN"/>
  <parameter name="osVersion" value="10"/>
  <parameter name="browser" value="firefox"/>
  <parameter name="browserVersion" value="0.26.0"/>
  <test thread-count="5" name="SampleTest">
    <classes>
      <class name="com.atmecs.qa.falcondashboard.testscript.TC11_DownloadOption"/>
    </classes>
  </test> <!-- SampleTest -->
</suite> <!-- FalconDemo-Sample-WIN_10_firefox_0.26.0 -->

2020-03-10 18:13:02 INFO  TestNGEngineForDesiredSuites:49 - INFO: New Suite Created with name: FalconDemo-Sample-WIN_10_ie_3.150.1
2020-03-10 18:13:02 INFO  TestNGEngineForDesiredSuites:49 - <?xml version="1.0" encoding="UTF-8"?>
<!DOCTYPE suite SYSTEM "http://testng.org/testng-1.0.dtd">
<suite name="FalconDemo-Sample-WIN_10_ie_3.150.1">
  <parameter name="os" value="WIN"/>
  <parameter name="osVersion" value="10"/>
  <parameter name="browser" value="ie"/>
  <parameter name="browserVersion" value="3.150.1"/>
  <test thread-count="5" name="SampleTest">
    <classes>
      <class name="com.atmecs.qa.falcondashboard.testscript.TC11_DownloadOption"/>
    </classes>
  </test> <!-- SampleTest -->
</suite> <!-- FalconDemo-Sample-WIN_10_ie_3.150.1 -->

2020-03-10 18:15:49 INFO  TestNGEngineForDesiredSuites:49 - INFO: The value found with Environment variable FalconDemo is: FalconDemo
2020-03-10 18:15:49 INFO  TestNGEngineForDesiredSuites:49 - INFO: The value found with Environment Module variable ProductPage is: ProductPage
2020-03-10 18:15:49 INFO  TestNGEngineForDesiredSuites:49 - The value found with Environment variable WIN_10_ie_3.150.1,WIN_10_chrome_77,WIN_10_firefox_0.26.0 is: WIN_10_ie_3.150.1,WIN_10_chrome_77,WIN_10_firefox_0.26.0
2020-03-10 18:15:49 INFO  TestNGEngineForDesiredSuites:49 - INFO: Clients Found: [FalconDemo]

2020-03-10 18:15:49 INFO  TestNGEngineForDesiredSuites:49 - INFO: Modules Selected: [ProductPage]

2020-03-10 18:15:49 INFO  TestNGEngineForDesiredSuites:49 - INFO: New Suite Created with name: FalconDemo-Sample-WIN_10_chrome_77
2020-03-10 18:15:49 INFO  TestNGEngineForDesiredSuites:49 - <?xml version="1.0" encoding="UTF-8"?>
<!DOCTYPE suite SYSTEM "http://testng.org/testng-1.0.dtd">
<suite name="FalconDemo-Sample-WIN_10_chrome_77">
  <parameter name="os" value="WIN"/>
  <parameter name="osVersion" value="10"/>
  <parameter name="browser" value="chrome"/>
  <parameter name="browserVersion" value="77"/>
  <test thread-count="5" name="SampleTest">
    <classes>
      <class name="com.atmecs.qa.falcondashboard.testscript.TC11_DownloadOption"/>
    </classes>
  </test> <!-- SampleTest -->
</suite> <!-- FalconDemo-Sample-WIN_10_chrome_77 -->

2020-03-10 18:15:49 INFO  TestNGEngineForDesiredSuites:49 - INFO: New Suite Created with name: FalconDemo-Sample-WIN_10_firefox_0.26.0
2020-03-10 18:15:49 INFO  TestNGEngineForDesiredSuites:49 - <?xml version="1.0" encoding="UTF-8"?>
<!DOCTYPE suite SYSTEM "http://testng.org/testng-1.0.dtd">
<suite name="FalconDemo-Sample-WIN_10_firefox_0.26.0">
  <parameter name="os" value="WIN"/>
  <parameter name="osVersion" value="10"/>
  <parameter name="browser" value="firefox"/>
  <parameter name="browserVersion" value="0.26.0"/>
  <test thread-count="5" name="SampleTest">
    <classes>
      <class name="com.atmecs.qa.falcondashboard.testscript.TC11_DownloadOption"/>
    </classes>
  </test> <!-- SampleTest -->
</suite> <!-- FalconDemo-Sample-WIN_10_firefox_0.26.0 -->

2020-03-10 18:15:49 INFO  TestNGEngineForDesiredSuites:49 - INFO: New Suite Created with name: FalconDemo-Sample-WIN_10_ie_3.150.1
2020-03-10 18:15:49 INFO  TestNGEngineForDesiredSuites:49 - <?xml version="1.0" encoding="UTF-8"?>
<!DOCTYPE suite SYSTEM "http://testng.org/testng-1.0.dtd">
<suite name="FalconDemo-Sample-WIN_10_ie_3.150.1">
  <parameter name="os" value="WIN"/>
  <parameter name="osVersion" value="10"/>
  <parameter name="browser" value="ie"/>
  <parameter name="browserVersion" value="3.150.1"/>
  <test thread-count="5" name="SampleTest">
    <classes>
      <class name="com.atmecs.qa.falcondashboard.testscript.TC11_DownloadOption"/>
    </classes>
  </test> <!-- SampleTest -->
</suite> <!-- FalconDemo-Sample-WIN_10_ie_3.150.1 -->

2020-03-10 18:19:37 INFO  TestNGEngineForDesiredSuites:49 - INFO: The value found with Environment variable FalconDemo is: FalconDemo
2020-03-10 18:19:37 INFO  TestNGEngineForDesiredSuites:49 - INFO: The value found with Environment Module variable ProductPage is: ProductPage
2020-03-10 18:19:37 INFO  TestNGEngineForDesiredSuites:49 - The value found with Environment variable WIN_10_ie_3.150.1,WIN_10_chrome_77,WIN_10_firefox_0.26.0 is: WIN_10_ie_3.150.1,WIN_10_chrome_77,WIN_10_firefox_0.26.0
2020-03-10 18:19:38 INFO  TestNGEngineForDesiredSuites:49 - INFO: Clients Found: [FalconDemo]

2020-03-10 18:19:38 INFO  TestNGEngineForDesiredSuites:49 - INFO: Modules Selected: [ProductPage]

2020-03-10 18:19:38 INFO  TestNGEngineForDesiredSuites:49 - INFO: New Suite Created with name: FalconDemo-Sample-WIN_10_chrome_77
2020-03-10 18:19:38 INFO  TestNGEngineForDesiredSuites:49 - <?xml version="1.0" encoding="UTF-8"?>
<!DOCTYPE suite SYSTEM "http://testng.org/testng-1.0.dtd">
<suite name="FalconDemo-Sample-WIN_10_chrome_77">
  <parameter name="os" value="WIN"/>
  <parameter name="osVersion" value="10"/>
  <parameter name="browser" value="chrome"/>
  <parameter name="browserVersion" value="77"/>
  <test thread-count="5" name="SampleTest">
    <classes>
      <class name="com.atmecs.qa.falcondashboard.testscript.TC11_DownloadOption"/>
    </classes>
  </test> <!-- SampleTest -->
</suite> <!-- FalconDemo-Sample-WIN_10_chrome_77 -->

2020-03-10 18:19:38 INFO  TestNGEngineForDesiredSuites:49 - INFO: New Suite Created with name: FalconDemo-Sample-WIN_10_firefox_0.26.0
2020-03-10 18:19:38 INFO  TestNGEngineForDesiredSuites:49 - <?xml version="1.0" encoding="UTF-8"?>
<!DOCTYPE suite SYSTEM "http://testng.org/testng-1.0.dtd">
<suite name="FalconDemo-Sample-WIN_10_firefox_0.26.0">
  <parameter name="os" value="WIN"/>
  <parameter name="osVersion" value="10"/>
  <parameter name="browser" value="firefox"/>
  <parameter name="browserVersion" value="0.26.0"/>
  <test thread-count="5" name="SampleTest">
    <classes>
      <class name="com.atmecs.qa.falcondashboard.testscript.TC11_DownloadOption"/>
    </classes>
  </test> <!-- SampleTest -->
</suite> <!-- FalconDemo-Sample-WIN_10_firefox_0.26.0 -->

2020-03-10 18:19:38 INFO  TestNGEngineForDesiredSuites:49 - INFO: New Suite Created with name: FalconDemo-Sample-WIN_10_ie_3.150.1
2020-03-10 18:19:38 INFO  TestNGEngineForDesiredSuites:49 - <?xml version="1.0" encoding="UTF-8"?>
<!DOCTYPE suite SYSTEM "http://testng.org/testng-1.0.dtd">
<suite name="FalconDemo-Sample-WIN_10_ie_3.150.1">
  <parameter name="os" value="WIN"/>
  <parameter name="osVersion" value="10"/>
  <parameter name="browser" value="ie"/>
  <parameter name="browserVersion" value="3.150.1"/>
  <test thread-count="5" name="SampleTest">
    <classes>
      <class name="com.atmecs.qa.falcondashboard.testscript.TC11_DownloadOption"/>
    </classes>
  </test> <!-- SampleTest -->
</suite> <!-- FalconDemo-Sample-WIN_10_ie_3.150.1 -->

2020-03-10 18:21:32 INFO  TestNGEngineForDesiredSuites:49 - INFO: The value found with Environment variable FalconDemo is: FalconDemo
2020-03-10 18:21:32 INFO  TestNGEngineForDesiredSuites:49 - INFO: The value found with Environment Module variable ProductPage is: ProductPage
2020-03-10 18:21:32 INFO  TestNGEngineForDesiredSuites:49 - The value found with Environment variable WIN_10_ie_3.150.1,WIN_10_chrome_77,WIN_10_firefox_0.26.0 is: WIN_10_ie_3.150.1,WIN_10_chrome_77,WIN_10_firefox_0.26.0
2020-03-10 18:21:32 INFO  TestNGEngineForDesiredSuites:49 - INFO: Clients Found: [FalconDemo]

2020-03-10 18:21:32 INFO  TestNGEngineForDesiredSuites:49 - INFO: Modules Selected: [ProductPage]

2020-03-10 18:21:32 INFO  TestNGEngineForDesiredSuites:49 - INFO: New Suite Created with name: FalconDemo-Sample-WIN_10_chrome_77
2020-03-10 18:21:32 INFO  TestNGEngineForDesiredSuites:49 - <?xml version="1.0" encoding="UTF-8"?>
<!DOCTYPE suite SYSTEM "http://testng.org/testng-1.0.dtd">
<suite name="FalconDemo-Sample-WIN_10_chrome_77">
  <parameter name="os" value="WIN"/>
  <parameter name="osVersion" value="10"/>
  <parameter name="browser" value="chrome"/>
  <parameter name="browserVersion" value="77"/>
  <test thread-count="5" name="SampleTest">
    <classes>
      <class name="com.atmecs.qa.falcondashboard.testscript.TC11_DownloadOption"/>
    </classes>
  </test> <!-- SampleTest -->
</suite> <!-- FalconDemo-Sample-WIN_10_chrome_77 -->

2020-03-10 18:21:32 INFO  TestNGEngineForDesiredSuites:49 - INFO: New Suite Created with name: FalconDemo-Sample-WIN_10_firefox_0.26.0
2020-03-10 18:21:32 INFO  TestNGEngineForDesiredSuites:49 - <?xml version="1.0" encoding="UTF-8"?>
<!DOCTYPE suite SYSTEM "http://testng.org/testng-1.0.dtd">
<suite name="FalconDemo-Sample-WIN_10_firefox_0.26.0">
  <parameter name="os" value="WIN"/>
  <parameter name="osVersion" value="10"/>
  <parameter name="browser" value="firefox"/>
  <parameter name="browserVersion" value="0.26.0"/>
  <test thread-count="5" name="SampleTest">
    <classes>
      <class name="com.atmecs.qa.falcondashboard.testscript.TC11_DownloadOption"/>
    </classes>
  </test> <!-- SampleTest -->
</suite> <!-- FalconDemo-Sample-WIN_10_firefox_0.26.0 -->

2020-03-10 18:21:32 INFO  TestNGEngineForDesiredSuites:49 - INFO: New Suite Created with name: FalconDemo-Sample-WIN_10_ie_3.150.1
2020-03-10 18:21:32 INFO  TestNGEngineForDesiredSuites:49 - <?xml version="1.0" encoding="UTF-8"?>
<!DOCTYPE suite SYSTEM "http://testng.org/testng-1.0.dtd">
<suite name="FalconDemo-Sample-WIN_10_ie_3.150.1">
  <parameter name="os" value="WIN"/>
  <parameter name="osVersion" value="10"/>
  <parameter name="browser" value="ie"/>
  <parameter name="browserVersion" value="3.150.1"/>
  <test thread-count="5" name="SampleTest">
    <classes>
      <class name="com.atmecs.qa.falcondashboard.testscript.TC11_DownloadOption"/>
    </classes>
  </test> <!-- SampleTest -->
</suite> <!-- FalconDemo-Sample-WIN_10_ie_3.150.1 -->

2020-03-10 18:24:08 INFO  TestNGEngineForDesiredSuites:49 - INFO: The value found with Environment variable FalconDemo is: FalconDemo
2020-03-10 18:24:08 INFO  TestNGEngineForDesiredSuites:49 - INFO: The value found with Environment Module variable ProductPage is: ProductPage
2020-03-10 18:24:08 INFO  TestNGEngineForDesiredSuites:49 - The value found with Environment variable WIN_10_ie_3.150.1,WIN_10_chrome_77,WIN_10_firefox_0.26.0 is: WIN_10_ie_3.150.1,WIN_10_chrome_77,WIN_10_firefox_0.26.0
2020-03-10 18:24:08 INFO  TestNGEngineForDesiredSuites:49 - INFO: Clients Found: [FalconDemo]

2020-03-10 18:24:08 INFO  TestNGEngineForDesiredSuites:49 - INFO: Modules Selected: [ProductPage]

2020-03-10 18:24:08 INFO  TestNGEngineForDesiredSuites:49 - INFO: New Suite Created with name: FalconDemo-Sample-WIN_10_chrome_77
2020-03-10 18:24:08 INFO  TestNGEngineForDesiredSuites:49 - <?xml version="1.0" encoding="UTF-8"?>
<!DOCTYPE suite SYSTEM "http://testng.org/testng-1.0.dtd">
<suite name="FalconDemo-Sample-WIN_10_chrome_77">
  <parameter name="os" value="WIN"/>
  <parameter name="osVersion" value="10"/>
  <parameter name="browser" value="chrome"/>
  <parameter name="browserVersion" value="77"/>
  <test thread-count="5" name="SampleTest">
    <classes>
      <class name="com.atmecs.qa.falcondashboard.testscript.TC05_ProductPage"/>
      <class name="com.atmecs.qa.falcondashboard.testscript.TC06_ProductMedium"/>
      <class name="com.atmecs.qa.falcondashboard.testscript.TC11_DownloadOption"/>
      <class name="com.atmecs.qa.falcondashboard.testscript.TC12_ExecutionDate"/>
    </classes>
  </test> <!-- SampleTest -->
</suite> <!-- FalconDemo-Sample-WIN_10_chrome_77 -->

2020-03-10 18:24:08 INFO  TestNGEngineForDesiredSuites:49 - INFO: New Suite Created with name: FalconDemo-Sample-WIN_10_firefox_0.26.0
2020-03-10 18:24:08 INFO  TestNGEngineForDesiredSuites:49 - <?xml version="1.0" encoding="UTF-8"?>
<!DOCTYPE suite SYSTEM "http://testng.org/testng-1.0.dtd">
<suite name="FalconDemo-Sample-WIN_10_firefox_0.26.0">
  <parameter name="os" value="WIN"/>
  <parameter name="osVersion" value="10"/>
  <parameter name="browser" value="firefox"/>
  <parameter name="browserVersion" value="0.26.0"/>
  <test thread-count="5" name="SampleTest">
    <classes>
      <class name="com.atmecs.qa.falcondashboard.testscript.TC05_ProductPage"/>
      <class name="com.atmecs.qa.falcondashboard.testscript.TC06_ProductMedium"/>
      <class name="com.atmecs.qa.falcondashboard.testscript.TC11_DownloadOption"/>
      <class name="com.atmecs.qa.falcondashboard.testscript.TC12_ExecutionDate"/>
    </classes>
  </test> <!-- SampleTest -->
</suite> <!-- FalconDemo-Sample-WIN_10_firefox_0.26.0 -->

2020-03-10 18:24:08 INFO  TestNGEngineForDesiredSuites:49 - INFO: New Suite Created with name: FalconDemo-Sample-WIN_10_ie_3.150.1
2020-03-10 18:24:08 INFO  TestNGEngineForDesiredSuites:49 - <?xml version="1.0" encoding="UTF-8"?>
<!DOCTYPE suite SYSTEM "http://testng.org/testng-1.0.dtd">
<suite name="FalconDemo-Sample-WIN_10_ie_3.150.1">
  <parameter name="os" value="WIN"/>
  <parameter name="osVersion" value="10"/>
  <parameter name="browser" value="ie"/>
  <parameter name="browserVersion" value="3.150.1"/>
  <test thread-count="5" name="SampleTest">
    <classes>
      <class name="com.atmecs.qa.falcondashboard.testscript.TC05_ProductPage"/>
      <class name="com.atmecs.qa.falcondashboard.testscript.TC06_ProductMedium"/>
      <class name="com.atmecs.qa.falcondashboard.testscript.TC11_DownloadOption"/>
      <class name="com.atmecs.qa.falcondashboard.testscript.TC12_ExecutionDate"/>
    </classes>
  </test> <!-- SampleTest -->
</suite> <!-- FalconDemo-Sample-WIN_10_ie_3.150.1 -->

2020-03-10 18:29:23 INFO  TestNGEngineForDesiredSuites:49 - INFO: The value found with Environment variable FalconDemo is: FalconDemo
2020-03-10 18:29:23 INFO  TestNGEngineForDesiredSuites:49 - INFO: The value found with Environment Module variable ProductPage is: ProductPage
2020-03-10 18:29:23 INFO  TestNGEngineForDesiredSuites:49 - The value found with Environment variable WIN_10_ie_3.150.1,WIN_10_chrome_77,WIN_10_firefox_0.26.0 is: WIN_10_ie_3.150.1,WIN_10_chrome_77,WIN_10_firefox_0.26.0
2020-03-10 18:29:23 INFO  TestNGEngineForDesiredSuites:49 - INFO: Clients Found: [FalconDemo]

2020-03-10 18:29:23 INFO  TestNGEngineForDesiredSuites:49 - INFO: Modules Selected: [ProductPage]

2020-03-10 18:29:23 INFO  TestNGEngineForDesiredSuites:49 - INFO: New Suite Created with name: FalconDemo-Sample-WIN_10_chrome_77
2020-03-10 18:29:23 INFO  TestNGEngineForDesiredSuites:49 - <?xml version="1.0" encoding="UTF-8"?>
<!DOCTYPE suite SYSTEM "http://testng.org/testng-1.0.dtd">
<suite name="FalconDemo-Sample-WIN_10_chrome_77">
  <parameter name="os" value="WIN"/>
  <parameter name="osVersion" value="10"/>
  <parameter name="browser" value="chrome"/>
  <parameter name="browserVersion" value="77"/>
  <test thread-count="5" name="SampleTest">
    <classes>
      <class name="com.atmecs.qa.falcondashboard.testscript.TC05_ProductPage"/>
      <class name="com.atmecs.qa.falcondashboard.testscript.TC06_ProductMedium"/>
      <class name="com.atmecs.qa.falcondashboard.testscript.TC11_DownloadOption"/>
      <class name="com.atmecs.qa.falcondashboard.testscript.TC12_ExecutionDate"/>
    </classes>
  </test> <!-- SampleTest -->
</suite> <!-- FalconDemo-Sample-WIN_10_chrome_77 -->

2020-03-10 18:29:23 INFO  TestNGEngineForDesiredSuites:49 - INFO: New Suite Created with name: FalconDemo-Sample-WIN_10_firefox_0.26.0
2020-03-10 18:29:23 INFO  TestNGEngineForDesiredSuites:49 - <?xml version="1.0" encoding="UTF-8"?>
<!DOCTYPE suite SYSTEM "http://testng.org/testng-1.0.dtd">
<suite name="FalconDemo-Sample-WIN_10_firefox_0.26.0">
  <parameter name="os" value="WIN"/>
  <parameter name="osVersion" value="10"/>
  <parameter name="browser" value="firefox"/>
  <parameter name="browserVersion" value="0.26.0"/>
  <test thread-count="5" name="SampleTest">
    <classes>
      <class name="com.atmecs.qa.falcondashboard.testscript.TC05_ProductPage"/>
      <class name="com.atmecs.qa.falcondashboard.testscript.TC06_ProductMedium"/>
      <class name="com.atmecs.qa.falcondashboard.testscript.TC11_DownloadOption"/>
      <class name="com.atmecs.qa.falcondashboard.testscript.TC12_ExecutionDate"/>
    </classes>
  </test> <!-- SampleTest -->
</suite> <!-- FalconDemo-Sample-WIN_10_firefox_0.26.0 -->

2020-03-10 18:29:23 INFO  TestNGEngineForDesiredSuites:49 - INFO: New Suite Created with name: FalconDemo-Sample-WIN_10_ie_3.150.1
2020-03-10 18:29:23 INFO  TestNGEngineForDesiredSuites:49 - <?xml version="1.0" encoding="UTF-8"?>
<!DOCTYPE suite SYSTEM "http://testng.org/testng-1.0.dtd">
<suite name="FalconDemo-Sample-WIN_10_ie_3.150.1">
  <parameter name="os" value="WIN"/>
  <parameter name="osVersion" value="10"/>
  <parameter name="browser" value="ie"/>
  <parameter name="browserVersion" value="3.150.1"/>
  <test thread-count="5" name="SampleTest">
    <classes>
      <class name="com.atmecs.qa.falcondashboard.testscript.TC05_ProductPage"/>
      <class name="com.atmecs.qa.falcondashboard.testscript.TC06_ProductMedium"/>
      <class name="com.atmecs.qa.falcondashboard.testscript.TC11_DownloadOption"/>
      <class name="com.atmecs.qa.falcondashboard.testscript.TC12_ExecutionDate"/>
    </classes>
  </test> <!-- SampleTest -->
</suite> <!-- FalconDemo-Sample-WIN_10_ie_3.150.1 -->

2020-03-10 18:34:55 INFO  TestNGEngineForDesiredSuites:49 - INFO: The value found with Environment variable FalconDemo is: FalconDemo
2020-03-10 18:34:55 INFO  TestNGEngineForDesiredSuites:49 - INFO: The value found with Environment Module variable RecentRuns is: RecentRuns
2020-03-10 18:34:55 INFO  TestNGEngineForDesiredSuites:49 - The value found with Environment variable WIN_10_ie_3.150.1,WIN_10_chrome_77,WIN_10_firefox_0.26.0 is: WIN_10_ie_3.150.1,WIN_10_chrome_77,WIN_10_firefox_0.26.0
2020-03-10 18:34:55 INFO  TestNGEngineForDesiredSuites:49 - INFO: Clients Found: [FalconDemo]

2020-03-10 18:34:55 INFO  TestNGEngineForDesiredSuites:49 - INFO: Modules Selected: [RecentRuns]

2020-03-10 18:34:55 INFO  TestNGEngineForDesiredSuites:49 - INFO: New Suite Created with name: FalconDemo-Sample-WIN_10_chrome_77
2020-03-10 18:34:55 INFO  TestNGEngineForDesiredSuites:49 - <?xml version="1.0" encoding="UTF-8"?>
<!DOCTYPE suite SYSTEM "http://testng.org/testng-1.0.dtd">
<suite name="FalconDemo-Sample-WIN_10_chrome_77">
  <parameter name="os" value="WIN"/>
  <parameter name="osVersion" value="10"/>
  <parameter name="browser" value="chrome"/>
  <parameter name="browserVersion" value="77"/>
  <test thread-count="5" name="SampleTest">
    <classes>
      <class name="com.atmecs.qa.falcondashboard.testscript.TC17_RecentRuns"/>
      <class name="com.atmecs.qa.falcondashboard.testscript.TC18_ProductName"/>
      <class name="com.atmecs.qa.falcondashboard.testscript.TC19_ProductComponent"/>
      <class name="com.atmecs.qa.falcondashboard.testscript.TC21_PassPercentage"/>
      <class name="com.atmecs.qa.falcondashboard.testscript.TC22_DeleteOption"/>
      <class name="com.atmecs.qa.falcondashboard.testscript.TC35_LastRun"/>
    </classes>
  </test> <!-- SampleTest -->
</suite> <!-- FalconDemo-Sample-WIN_10_chrome_77 -->

2020-03-10 18:34:55 INFO  TestNGEngineForDesiredSuites:49 - INFO: New Suite Created with name: FalconDemo-Sample-WIN_10_firefox_0.26.0
2020-03-10 18:34:55 INFO  TestNGEngineForDesiredSuites:49 - <?xml version="1.0" encoding="UTF-8"?>
<!DOCTYPE suite SYSTEM "http://testng.org/testng-1.0.dtd">
<suite name="FalconDemo-Sample-WIN_10_firefox_0.26.0">
  <parameter name="os" value="WIN"/>
  <parameter name="osVersion" value="10"/>
  <parameter name="browser" value="firefox"/>
  <parameter name="browserVersion" value="0.26.0"/>
  <test thread-count="5" name="SampleTest">
    <classes>
      <class name="com.atmecs.qa.falcondashboard.testscript.TC17_RecentRuns"/>
      <class name="com.atmecs.qa.falcondashboard.testscript.TC18_ProductName"/>
      <class name="com.atmecs.qa.falcondashboard.testscript.TC19_ProductComponent"/>
      <class name="com.atmecs.qa.falcondashboard.testscript.TC21_PassPercentage"/>
      <class name="com.atmecs.qa.falcondashboard.testscript.TC22_DeleteOption"/>
      <class name="com.atmecs.qa.falcondashboard.testscript.TC35_LastRun"/>
    </classes>
  </test> <!-- SampleTest -->
</suite> <!-- FalconDemo-Sample-WIN_10_firefox_0.26.0 -->

2020-03-10 18:34:55 INFO  TestNGEngineForDesiredSuites:49 - INFO: New Suite Created with name: FalconDemo-Sample-WIN_10_ie_3.150.1
2020-03-10 18:34:55 INFO  TestNGEngineForDesiredSuites:49 - <?xml version="1.0" encoding="UTF-8"?>
<!DOCTYPE suite SYSTEM "http://testng.org/testng-1.0.dtd">
<suite name="FalconDemo-Sample-WIN_10_ie_3.150.1">
  <parameter name="os" value="WIN"/>
  <parameter name="osVersion" value="10"/>
  <parameter name="browser" value="ie"/>
  <parameter name="browserVersion" value="3.150.1"/>
  <test thread-count="5" name="SampleTest">
    <classes>
      <class name="com.atmecs.qa.falcondashboard.testscript.TC17_RecentRuns"/>
      <class name="com.atmecs.qa.falcondashboard.testscript.TC18_ProductName"/>
      <class name="com.atmecs.qa.falcondashboard.testscript.TC19_ProductComponent"/>
      <class name="com.atmecs.qa.falcondashboard.testscript.TC21_PassPercentage"/>
      <class name="com.atmecs.qa.falcondashboard.testscript.TC22_DeleteOption"/>
      <class name="com.atmecs.qa.falcondashboard.testscript.TC35_LastRun"/>
    </classes>
  </test> <!-- SampleTest -->
</suite> <!-- FalconDemo-Sample-WIN_10_ie_3.150.1 -->

2020-03-10 18:41:36 INFO  TestNGEngineForDesiredSuites:49 - INFO: The value found with Environment variable FalconDemo is: FalconDemo
2020-03-10 18:41:36 INFO  TestNGEngineForDesiredSuites:49 - INFO: The value found with Environment Module variable TestcasesResult is: TestcasesResult
2020-03-10 18:41:36 INFO  TestNGEngineForDesiredSuites:49 - The value found with Environment variable WIN_10_ie_3.150.1,WIN_10_chrome_77,WIN_10_firefox_0.26.0 is: WIN_10_ie_3.150.1,WIN_10_chrome_77,WIN_10_firefox_0.26.0
2020-03-10 18:41:36 INFO  TestNGEngineForDesiredSuites:49 - INFO: Clients Found: [FalconDemo]

2020-03-10 18:41:36 INFO  TestNGEngineForDesiredSuites:49 - INFO: Modules Selected: [TestcasesResult]

2020-03-10 18:41:36 INFO  TestNGEngineForDesiredSuites:49 - INFO: New Suite Created with name: FalconDemo-Sample-WIN_10_chrome_77
2020-03-10 18:41:36 INFO  TestNGEngineForDesiredSuites:49 - <?xml version="1.0" encoding="UTF-8"?>
<!DOCTYPE suite SYSTEM "http://testng.org/testng-1.0.dtd">
<suite name="FalconDemo-Sample-WIN_10_chrome_77">
  <parameter name="os" value="WIN"/>
  <parameter name="osVersion" value="10"/>
  <parameter name="browser" value="chrome"/>
  <parameter name="browserVersion" value="77"/>
  <test thread-count="5" name="SampleTest">
    <classes>
      <class name="com.atmecs.qa.falcondashboard.testscript.TC20_FailTestCase"/>
      <class name="com.atmecs.qa.falcondashboard.testscript.TC25_StepsOfProduct"/>
    </classes>
  </test> <!-- SampleTest -->
</suite> <!-- FalconDemo-Sample-WIN_10_chrome_77 -->

2020-03-10 18:41:36 INFO  TestNGEngineForDesiredSuites:49 - INFO: New Suite Created with name: FalconDemo-Sample-WIN_10_firefox_0.26.0
2020-03-10 18:41:36 INFO  TestNGEngineForDesiredSuites:49 - <?xml version="1.0" encoding="UTF-8"?>
<!DOCTYPE suite SYSTEM "http://testng.org/testng-1.0.dtd">
<suite name="FalconDemo-Sample-WIN_10_firefox_0.26.0">
  <parameter name="os" value="WIN"/>
  <parameter name="osVersion" value="10"/>
  <parameter name="browser" value="firefox"/>
  <parameter name="browserVersion" value="0.26.0"/>
  <test thread-count="5" name="SampleTest">
    <classes>
      <class name="com.atmecs.qa.falcondashboard.testscript.TC20_FailTestCase"/>
      <class name="com.atmecs.qa.falcondashboard.testscript.TC25_StepsOfProduct"/>
    </classes>
  </test> <!-- SampleTest -->
</suite> <!-- FalconDemo-Sample-WIN_10_firefox_0.26.0 -->

2020-03-10 18:41:36 INFO  TestNGEngineForDesiredSuites:49 - INFO: New Suite Created with name: FalconDemo-Sample-WIN_10_ie_3.150.1
2020-03-10 18:41:36 INFO  TestNGEngineForDesiredSuites:49 - <?xml version="1.0" encoding="UTF-8"?>
<!DOCTYPE suite SYSTEM "http://testng.org/testng-1.0.dtd">
<suite name="FalconDemo-Sample-WIN_10_ie_3.150.1">
  <parameter name="os" value="WIN"/>
  <parameter name="osVersion" value="10"/>
  <parameter name="browser" value="ie"/>
  <parameter name="browserVersion" value="3.150.1"/>
  <test thread-count="5" name="SampleTest">
    <classes>
      <class name="com.atmecs.qa.falcondashboard.testscript.TC20_FailTestCase"/>
      <class name="com.atmecs.qa.falcondashboard.testscript.TC25_StepsOfProduct"/>
    </classes>
  </test> <!-- SampleTest -->
</suite> <!-- FalconDemo-Sample-WIN_10_ie_3.150.1 -->

2020-03-10 18:45:45 INFO  TestNGEngineForDesiredSuites:49 - INFO: The value found with Environment variable FalconDemo is: FalconDemo
2020-03-10 18:45:45 INFO  TestNGEngineForDesiredSuites:49 - INFO: The value found with Environment Module variable TestcasesResult is: TestcasesResult
2020-03-10 18:45:45 INFO  TestNGEngineForDesiredSuites:49 - The value found with Environment variable WIN_10_ie_3.150.1,WIN_10_chrome_77,WIN_10_firefox_0.26.0 is: WIN_10_ie_3.150.1,WIN_10_chrome_77,WIN_10_firefox_0.26.0
2020-03-10 18:45:46 INFO  TestNGEngineForDesiredSuites:49 - INFO: Clients Found: [FalconDemo]

2020-03-10 18:45:46 INFO  TestNGEngineForDesiredSuites:49 - INFO: Modules Selected: [TestcasesResult]

2020-03-10 18:45:46 INFO  TestNGEngineForDesiredSuites:49 - INFO: New Suite Created with name: FalconDemo-Sample-WIN_10_chrome_77
2020-03-10 18:45:46 INFO  TestNGEngineForDesiredSuites:49 - <?xml version="1.0" encoding="UTF-8"?>
<!DOCTYPE suite SYSTEM "http://testng.org/testng-1.0.dtd">
<suite name="FalconDemo-Sample-WIN_10_chrome_77">
  <parameter name="os" value="WIN"/>
  <parameter name="osVersion" value="10"/>
  <parameter name="browser" value="chrome"/>
  <parameter name="browserVersion" value="77"/>
  <test thread-count="5" name="SampleTest">
    <classes>
      <class name="com.atmecs.qa.falcondashboard.testscript.TC20_FailTestCase"/>
      <class name="com.atmecs.qa.falcondashboard.testscript.TC25_StepsOfProduct"/>
    </classes>
  </test> <!-- SampleTest -->
</suite> <!-- FalconDemo-Sample-WIN_10_chrome_77 -->

2020-03-10 18:45:46 INFO  TestNGEngineForDesiredSuites:49 - INFO: New Suite Created with name: FalconDemo-Sample-WIN_10_firefox_0.26.0
2020-03-10 18:45:46 INFO  TestNGEngineForDesiredSuites:49 - <?xml version="1.0" encoding="UTF-8"?>
<!DOCTYPE suite SYSTEM "http://testng.org/testng-1.0.dtd">
<suite name="FalconDemo-Sample-WIN_10_firefox_0.26.0">
  <parameter name="os" value="WIN"/>
  <parameter name="osVersion" value="10"/>
  <parameter name="browser" value="firefox"/>
  <parameter name="browserVersion" value="0.26.0"/>
  <test thread-count="5" name="SampleTest">
    <classes>
      <class name="com.atmecs.qa.falcondashboard.testscript.TC20_FailTestCase"/>
      <class name="com.atmecs.qa.falcondashboard.testscript.TC25_StepsOfProduct"/>
    </classes>
  </test> <!-- SampleTest -->
</suite> <!-- FalconDemo-Sample-WIN_10_firefox_0.26.0 -->

2020-03-10 18:45:46 INFO  TestNGEngineForDesiredSuites:49 - INFO: New Suite Created with name: FalconDemo-Sample-WIN_10_ie_3.150.1
2020-03-10 18:45:46 INFO  TestNGEngineForDesiredSuites:49 - <?xml version="1.0" encoding="UTF-8"?>
<!DOCTYPE suite SYSTEM "http://testng.org/testng-1.0.dtd">
<suite name="FalconDemo-Sample-WIN_10_ie_3.150.1">
  <parameter name="os" value="WIN"/>
  <parameter name="osVersion" value="10"/>
  <parameter name="browser" value="ie"/>
  <parameter name="browserVersion" value="3.150.1"/>
  <test thread-count="5" name="SampleTest">
    <classes>
      <class name="com.atmecs.qa.falcondashboard.testscript.TC20_FailTestCase"/>
      <class name="com.atmecs.qa.falcondashboard.testscript.TC25_StepsOfProduct"/>
    </classes>
  </test> <!-- SampleTest -->
</suite> <!-- FalconDemo-Sample-WIN_10_ie_3.150.1 -->

2020-03-10 18:50:06 INFO  TestNGEngineForDesiredSuites:49 - INFO: The value found with Environment variable FalconDemo is: FalconDemo
2020-03-10 18:50:06 INFO  TestNGEngineForDesiredSuites:49 - INFO: The value found with Environment Module variable ViewPage is: ViewPage
2020-03-10 18:50:06 INFO  TestNGEngineForDesiredSuites:49 - The value found with Environment variable WIN_10_ie_3.150.1,WIN_10_chrome_77,WIN_10_firefox_0.26.0 is: WIN_10_ie_3.150.1,WIN_10_chrome_77,WIN_10_firefox_0.26.0
2020-03-10 18:50:07 INFO  TestNGEngineForDesiredSuites:49 - INFO: Clients Found: [FalconDemo]

2020-03-10 18:50:07 INFO  TestNGEngineForDesiredSuites:49 - INFO: Modules Selected: [ViewPage]

2020-03-10 18:50:07 INFO  TestNGEngineForDesiredSuites:49 - INFO: New Suite Created with name: FalconDemo-Sample-WIN_10_chrome_77
2020-03-10 18:50:07 INFO  TestNGEngineForDesiredSuites:49 - <?xml version="1.0" encoding="UTF-8"?>
<!DOCTYPE suite SYSTEM "http://testng.org/testng-1.0.dtd">
<suite name="FalconDemo-Sample-WIN_10_chrome_77">
  <parameter name="os" value="WIN"/>
  <parameter name="osVersion" value="10"/>
  <parameter name="browser" value="chrome"/>
  <parameter name="browserVersion" value="77"/>
  <test thread-count="5" name="SampleTest">
    <classes>
      <class name="com.atmecs.qa.falcondashboard.testscript.TC26_ColorOfTotalTestCases"/>
      <class name="com.atmecs.qa.falcondashboard.testscript.TC27_TotalTestCases"/>
      <class name="com.atmecs.qa.falcondashboard.testscript.TC28_ColorOfPassTestCases"/>
      <class name="com.atmecs.qa.falcondashboard.testscript.TC29_PassedTestCases"/>
      <class name="com.atmecs.qa.falcondashboard.testscript.TC30_ColorOfFailedTestCases"/>
      <class name="com.atmecs.qa.falcondashboard.testscript.TC31_FailedTestCases"/>
      <class name="com.atmecs.qa.falcondashboard.testscript.TC32_ColorOfSkippedTestCases"/>
      <class name="com.atmecs.qa.falcondashboard.testscript.TC33_SkippedTestCases"/>
      <class name="com.atmecs.qa.falcondashboard.testscript.TC34_ViewPage"/>
    </classes>
  </test> <!-- SampleTest -->
</suite> <!-- FalconDemo-Sample-WIN_10_chrome_77 -->

2020-03-10 18:50:07 INFO  TestNGEngineForDesiredSuites:49 - INFO: New Suite Created with name: FalconDemo-Sample-WIN_10_firefox_0.26.0
2020-03-10 18:50:07 INFO  TestNGEngineForDesiredSuites:49 - <?xml version="1.0" encoding="UTF-8"?>
<!DOCTYPE suite SYSTEM "http://testng.org/testng-1.0.dtd">
<suite name="FalconDemo-Sample-WIN_10_firefox_0.26.0">
  <parameter name="os" value="WIN"/>
  <parameter name="osVersion" value="10"/>
  <parameter name="browser" value="firefox"/>
  <parameter name="browserVersion" value="0.26.0"/>
  <test thread-count="5" name="SampleTest">
    <classes>
      <class name="com.atmecs.qa.falcondashboard.testscript.TC26_ColorOfTotalTestCases"/>
      <class name="com.atmecs.qa.falcondashboard.testscript.TC27_TotalTestCases"/>
      <class name="com.atmecs.qa.falcondashboard.testscript.TC28_ColorOfPassTestCases"/>
      <class name="com.atmecs.qa.falcondashboard.testscript.TC29_PassedTestCases"/>
      <class name="com.atmecs.qa.falcondashboard.testscript.TC30_ColorOfFailedTestCases"/>
      <class name="com.atmecs.qa.falcondashboard.testscript.TC31_FailedTestCases"/>
      <class name="com.atmecs.qa.falcondashboard.testscript.TC32_ColorOfSkippedTestCases"/>
      <class name="com.atmecs.qa.falcondashboard.testscript.TC33_SkippedTestCases"/>
      <class name="com.atmecs.qa.falcondashboard.testscript.TC34_ViewPage"/>
    </classes>
  </test> <!-- SampleTest -->
</suite> <!-- FalconDemo-Sample-WIN_10_firefox_0.26.0 -->

2020-03-10 18:50:07 INFO  TestNGEngineForDesiredSuites:49 - INFO: New Suite Created with name: FalconDemo-Sample-WIN_10_ie_3.150.1
2020-03-10 18:50:07 INFO  TestNGEngineForDesiredSuites:49 - <?xml version="1.0" encoding="UTF-8"?>
<!DOCTYPE suite SYSTEM "http://testng.org/testng-1.0.dtd">
<suite name="FalconDemo-Sample-WIN_10_ie_3.150.1">
  <parameter name="os" value="WIN"/>
  <parameter name="osVersion" value="10"/>
  <parameter name="browser" value="ie"/>
  <parameter name="browserVersion" value="3.150.1"/>
  <test thread-count="5" name="SampleTest">
    <classes>
      <class name="com.atmecs.qa.falcondashboard.testscript.TC26_ColorOfTotalTestCases"/>
      <class name="com.atmecs.qa.falcondashboard.testscript.TC27_TotalTestCases"/>
      <class name="com.atmecs.qa.falcondashboard.testscript.TC28_ColorOfPassTestCases"/>
      <class name="com.atmecs.qa.falcondashboard.testscript.TC29_PassedTestCases"/>
      <class name="com.atmecs.qa.falcondashboard.testscript.TC30_ColorOfFailedTestCases"/>
      <class name="com.atmecs.qa.falcondashboard.testscript.TC31_FailedTestCases"/>
      <class name="com.atmecs.qa.falcondashboard.testscript.TC32_ColorOfSkippedTestCases"/>
      <class name="com.atmecs.qa.falcondashboard.testscript.TC33_SkippedTestCases"/>
      <class name="com.atmecs.qa.falcondashboard.testscript.TC34_ViewPage"/>
    </classes>
  </test> <!-- SampleTest -->
</suite> <!-- FalconDemo-Sample-WIN_10_ie_3.150.1 -->

2020-03-10 19:03:21 INFO  TestNGEngineForDesiredSuites:49 - INFO: The value found with Environment variable FalconDemo is: FalconDemo
2020-03-10 19:03:21 INFO  TestNGEngineForDesiredSuites:49 - INFO: The value found with Environment Module variable ViewPage is: ViewPage
2020-03-10 19:03:21 INFO  TestNGEngineForDesiredSuites:49 - The value found with Environment variable WIN_10_ie_3.150.1,WIN_10_chrome_77,WIN_10_firefox_0.26.0 is: WIN_10_ie_3.150.1,WIN_10_chrome_77,WIN_10_firefox_0.26.0
2020-03-10 19:03:22 INFO  TestNGEngineForDesiredSuites:49 - INFO: Clients Found: [FalconDemo]

2020-03-10 19:03:22 INFO  TestNGEngineForDesiredSuites:49 - INFO: Modules Selected: [ViewPage]

2020-03-10 19:03:22 INFO  TestNGEngineForDesiredSuites:49 - INFO: New Suite Created with name: FalconDemo-Sample-WIN_10_chrome_77
2020-03-10 19:03:22 INFO  TestNGEngineForDesiredSuites:49 - <?xml version="1.0" encoding="UTF-8"?>
<!DOCTYPE suite SYSTEM "http://testng.org/testng-1.0.dtd">
<suite name="FalconDemo-Sample-WIN_10_chrome_77">
  <parameter name="os" value="WIN"/>
  <parameter name="osVersion" value="10"/>
  <parameter name="browser" value="chrome"/>
  <parameter name="browserVersion" value="77"/>
  <test thread-count="5" name="SampleTest">
    <classes>
      <class name="com.atmecs.qa.falcondashboard.testscript.TC26_ColorOfTotalTestCases"/>
      <class name="com.atmecs.qa.falcondashboard.testscript.TC27_TotalTestCases"/>
      <class name="com.atmecs.qa.falcondashboard.testscript.TC28_ColorOfPassTestCases"/>
      <class name="com.atmecs.qa.falcondashboard.testscript.TC29_PassedTestCases"/>
      <class name="com.atmecs.qa.falcondashboard.testscript.TC30_ColorOfFailedTestCases"/>
      <class name="com.atmecs.qa.falcondashboard.testscript.TC31_FailedTestCases"/>
      <class name="com.atmecs.qa.falcondashboard.testscript.TC32_ColorOfSkippedTestCases"/>
      <class name="com.atmecs.qa.falcondashboard.testscript.TC33_SkippedTestCases"/>
      <class name="com.atmecs.qa.falcondashboard.testscript.TC34_ViewPage"/>
    </classes>
  </test> <!-- SampleTest -->
</suite> <!-- FalconDemo-Sample-WIN_10_chrome_77 -->

2020-03-10 19:03:22 INFO  TestNGEngineForDesiredSuites:49 - INFO: New Suite Created with name: FalconDemo-Sample-WIN_10_firefox_0.26.0
2020-03-10 19:03:22 INFO  TestNGEngineForDesiredSuites:49 - <?xml version="1.0" encoding="UTF-8"?>
<!DOCTYPE suite SYSTEM "http://testng.org/testng-1.0.dtd">
<suite name="FalconDemo-Sample-WIN_10_firefox_0.26.0">
  <parameter name="os" value="WIN"/>
  <parameter name="osVersion" value="10"/>
  <parameter name="browser" value="firefox"/>
  <parameter name="browserVersion" value="0.26.0"/>
  <test thread-count="5" name="SampleTest">
    <classes>
      <class name="com.atmecs.qa.falcondashboard.testscript.TC26_ColorOfTotalTestCases"/>
      <class name="com.atmecs.qa.falcondashboard.testscript.TC27_TotalTestCases"/>
      <class name="com.atmecs.qa.falcondashboard.testscript.TC28_ColorOfPassTestCases"/>
      <class name="com.atmecs.qa.falcondashboard.testscript.TC29_PassedTestCases"/>
      <class name="com.atmecs.qa.falcondashboard.testscript.TC30_ColorOfFailedTestCases"/>
      <class name="com.atmecs.qa.falcondashboard.testscript.TC31_FailedTestCases"/>
      <class name="com.atmecs.qa.falcondashboard.testscript.TC32_ColorOfSkippedTestCases"/>
      <class name="com.atmecs.qa.falcondashboard.testscript.TC33_SkippedTestCases"/>
      <class name="com.atmecs.qa.falcondashboard.testscript.TC34_ViewPage"/>
    </classes>
  </test> <!-- SampleTest -->
</suite> <!-- FalconDemo-Sample-WIN_10_firefox_0.26.0 -->

2020-03-10 19:03:22 INFO  TestNGEngineForDesiredSuites:49 - INFO: New Suite Created with name: FalconDemo-Sample-WIN_10_ie_3.150.1
2020-03-10 19:03:22 INFO  TestNGEngineForDesiredSuites:49 - <?xml version="1.0" encoding="UTF-8"?>
<!DOCTYPE suite SYSTEM "http://testng.org/testng-1.0.dtd">
<suite name="FalconDemo-Sample-WIN_10_ie_3.150.1">
  <parameter name="os" value="WIN"/>
  <parameter name="osVersion" value="10"/>
  <parameter name="browser" value="ie"/>
  <parameter name="browserVersion" value="3.150.1"/>
  <test thread-count="5" name="SampleTest">
    <classes>
      <class name="com.atmecs.qa.falcondashboard.testscript.TC26_ColorOfTotalTestCases"/>
      <class name="com.atmecs.qa.falcondashboard.testscript.TC27_TotalTestCases"/>
      <class name="com.atmecs.qa.falcondashboard.testscript.TC28_ColorOfPassTestCases"/>
      <class name="com.atmecs.qa.falcondashboard.testscript.TC29_PassedTestCases"/>
      <class name="com.atmecs.qa.falcondashboard.testscript.TC30_ColorOfFailedTestCases"/>
      <class name="com.atmecs.qa.falcondashboard.testscript.TC31_FailedTestCases"/>
      <class name="com.atmecs.qa.falcondashboard.testscript.TC32_ColorOfSkippedTestCases"/>
      <class name="com.atmecs.qa.falcondashboard.testscript.TC33_SkippedTestCases"/>
      <class name="com.atmecs.qa.falcondashboard.testscript.TC34_ViewPage"/>
    </classes>
  </test> <!-- SampleTest -->
</suite> <!-- FalconDemo-Sample-WIN_10_ie_3.150.1 -->

2020-03-10 19:21:59 INFO  TestNGEngineForDesiredSuites:49 - INFO: The value found with Environment variable FalconDemo is: FalconDemo
2020-03-10 19:21:59 INFO  TestNGEngineForDesiredSuites:49 - INFO: The value found with Environment Module variable DashboardPage,DashboardSlidder,Dropdowns,ProductPage,RecentRuns,TestcassesResult,ViewPage is: DashboardPage,DashboardSlidder,Dropdowns,ProductPage,RecentRuns,TestcassesResult,ViewPage
2020-03-10 19:21:59 INFO  TestNGEngineForDesiredSuites:49 - The value found with Environment variable WIN_10_ie_3.150.1,WIN_10_chrome_77,WIN_10_firefox_0.26.0 is: WIN_10_ie_3.150.1,WIN_10_chrome_77,WIN_10_firefox_0.26.0
2020-03-10 19:22:00 INFO  TestNGEngineForDesiredSuites:49 - INFO: Clients Found: [FalconDemo]

2020-03-10 19:22:00 INFO  TestNGEngineForDesiredSuites:49 - INFO: Modules Selected: [DashboardPage, DashboardSlidder, Dropdowns, ProductPage, RecentRuns, TestcassesResult, ViewPage]

2020-03-10 19:22:00 INFO  TestNGEngineForDesiredSuites:49 - INFO: New Suite Created with name: FalconDemo-Sample-WIN_10_chrome_77
2020-03-10 19:22:00 INFO  TestNGEngineForDesiredSuites:49 - <?xml version="1.0" encoding="UTF-8"?>
<!DOCTYPE suite SYSTEM "http://testng.org/testng-1.0.dtd">
<suite name="FalconDemo-Sample-WIN_10_chrome_77">
  <parameter name="os" value="WIN"/>
  <parameter name="osVersion" value="10"/>
  <parameter name="browser" value="chrome"/>
  <parameter name="browserVersion" value="77"/>
  <test thread-count="5" name="SampleTest">
    <classes>
      <class name="com.atmecs.qa.falcondashboard.testscript.TC01_DashBoardPage"/>
      <class name="com.atmecs.qa.falcondashboard.testscript.TC02_ClickingProduct"/>
      <class name="com.atmecs.qa.falcondashboard.testscript.TC03_TestCases"/>
      <class name="com.atmecs.qa.falcondashboard.testscript.TC04_ProductPercentage"/>
      <class name="com.atmecs.qa.falcondashboard.testscript.TC16_MainNavigation"/>
      <class name="com.atmecs.qa.falcondashboard.testscript.TC23_Refresh"/>
      <class name="com.atmecs.qa.falcondashboard.testscript.TC24_ProductSnapShot"/>
      <class name="com.atmecs.qa.falcondashboard.testscript.TC38_MaximizingWindow"/>
    </classes>
  </test> <!-- SampleTest -->
</suite> <!-- FalconDemo-Sample-WIN_10_chrome_77 -->

2020-03-10 19:22:00 INFO  TestNGEngineForDesiredSuites:49 - INFO: New Suite Created with name: FalconDemo-Sample-WIN_10_chrome_77
2020-03-10 19:22:00 INFO  TestNGEngineForDesiredSuites:49 - <?xml version="1.0" encoding="UTF-8"?>
<!DOCTYPE suite SYSTEM "http://testng.org/testng-1.0.dtd">
<suite name="FalconDemo-Sample-WIN_10_chrome_77">
  <parameter name="os" value="WIN"/>
  <parameter name="osVersion" value="10"/>
  <parameter name="browser" value="chrome"/>
  <parameter name="browserVersion" value="77"/>
  <test thread-count="5" name="SampleTest">
    <classes>
      <class name="com.atmecs.qa.falcondashboard.testscript.TC08_DashboardSlidder"/>
      <class name="com.atmecs.qa.falcondashboard.testscript.TC09_ProductEnvironment"/>
      <class name="com.atmecs.qa.falcondashboard.testscript.TC10_TestPhase"/>
      <class name="com.atmecs.qa.falcondashboard.testscript.TC36_StartTime"/>
      <class name="com.atmecs.qa.falcondashboard.testscript.TC37_EndTime"/>
    </classes>
  </test> <!-- SampleTest -->
</suite> <!-- FalconDemo-Sample-WIN_10_chrome_77 -->

2020-03-10 19:22:00 INFO  TestNGEngineForDesiredSuites:49 - INFO: New Suite Created with name: FalconDemo-Sample-WIN_10_chrome_77
2020-03-10 19:22:00 INFO  TestNGEngineForDesiredSuites:49 - <?xml version="1.0" encoding="UTF-8"?>
<!DOCTYPE suite SYSTEM "http://testng.org/testng-1.0.dtd">
<suite name="FalconDemo-Sample-WIN_10_chrome_77">
  <parameter name="os" value="WIN"/>
  <parameter name="osVersion" value="10"/>
  <parameter name="browser" value="chrome"/>
  <parameter name="browserVersion" value="77"/>
  <test thread-count="5" name="SampleTest">
    <classes>
      <class name="com.atmecs.qa.falcondashboard.testscript.TC07_Dropdowns"/>
      <class name="com.atmecs.qa.falcondashboard.testscript.TC13_PassedTestCases"/>
      <class name="com.atmecs.qa.falcondashboard.testscript.TC14_FailedTestCases"/>
      <class name="com.atmecs.qa.falcondashboard.testscript.TC15_SkippedTestCases"/>
    </classes>
  </test> <!-- SampleTest -->
</suite> <!-- FalconDemo-Sample-WIN_10_chrome_77 -->

2020-03-10 19:22:00 INFO  TestNGEngineForDesiredSuites:49 - INFO: New Suite Created with name: FalconDemo-Sample-WIN_10_chrome_77
2020-03-10 19:22:00 INFO  TestNGEngineForDesiredSuites:49 - <?xml version="1.0" encoding="UTF-8"?>
<!DOCTYPE suite SYSTEM "http://testng.org/testng-1.0.dtd">
<suite name="FalconDemo-Sample-WIN_10_chrome_77">
  <parameter name="os" value="WIN"/>
  <parameter name="osVersion" value="10"/>
  <parameter name="browser" value="chrome"/>
  <parameter name="browserVersion" value="77"/>
  <test thread-count="5" name="SampleTest">
    <classes>
      <class name="com.atmecs.qa.falcondashboard.testscript.TC05_ProductPage"/>
      <class name="com.atmecs.qa.falcondashboard.testscript.TC06_ProductMedium"/>
      <class name="com.atmecs.qa.falcondashboard.testscript.TC11_DownloadOption"/>
      <class name="com.atmecs.qa.falcondashboard.testscript.TC12_ExecutionDate"/>
    </classes>
  </test> <!-- SampleTest -->
</suite> <!-- FalconDemo-Sample-WIN_10_chrome_77 -->

2020-03-10 19:22:00 INFO  TestNGEngineForDesiredSuites:49 - INFO: New Suite Created with name: FalconDemo-Sample-WIN_10_chrome_77
2020-03-10 19:22:00 INFO  TestNGEngineForDesiredSuites:49 - <?xml version="1.0" encoding="UTF-8"?>
<!DOCTYPE suite SYSTEM "http://testng.org/testng-1.0.dtd">
<suite name="FalconDemo-Sample-WIN_10_chrome_77">
  <parameter name="os" value="WIN"/>
  <parameter name="osVersion" value="10"/>
  <parameter name="browser" value="chrome"/>
  <parameter name="browserVersion" value="77"/>
  <test thread-count="5" name="SampleTest">
    <classes>
      <class name="com.atmecs.qa.falcondashboard.testscript.TC17_RecentRuns"/>
      <class name="com.atmecs.qa.falcondashboard.testscript.TC18_ProductName"/>
      <class name="com.atmecs.qa.falcondashboard.testscript.TC19_ProductComponent"/>
      <class name="com.atmecs.qa.falcondashboard.testscript.TC21_PassPercentage"/>
      <class name="com.atmecs.qa.falcondashboard.testscript.TC22_DeleteOption"/>
      <class name="com.atmecs.qa.falcondashboard.testscript.TC35_LastRun"/>
    </classes>
  </test> <!-- SampleTest -->
</suite> <!-- FalconDemo-Sample-WIN_10_chrome_77 -->

2020-03-10 19:22:00 INFO  TestNGEngineForDesiredSuites:49 - INFO: New Suite Created with name: FalconDemo-Sample-WIN_10_chrome_77
2020-03-10 19:22:00 INFO  TestNGEngineForDesiredSuites:49 - <?xml version="1.0" encoding="UTF-8"?>
<!DOCTYPE suite SYSTEM "http://testng.org/testng-1.0.dtd">
<suite name="FalconDemo-Sample-WIN_10_chrome_77">
  <parameter name="os" value="WIN"/>
  <parameter name="osVersion" value="10"/>
  <parameter name="browser" value="chrome"/>
  <parameter name="browserVersion" value="77"/>
  <test thread-count="5" name="SampleTest">
    <classes>
      <class name="com.atmecs.qa.falcondashboard.testscript.TC26_ColorOfTotalTestCases"/>
      <class name="com.atmecs.qa.falcondashboard.testscript.TC27_TotalTestCases"/>
      <class name="com.atmecs.qa.falcondashboard.testscript.TC28_ColorOfPassTestCases"/>
      <class name="com.atmecs.qa.falcondashboard.testscript.TC29_PassedTestCases"/>
      <class name="com.atmecs.qa.falcondashboard.testscript.TC30_ColorOfFailedTestCases"/>
      <class name="com.atmecs.qa.falcondashboard.testscript.TC31_FailedTestCases"/>
      <class name="com.atmecs.qa.falcondashboard.testscript.TC32_ColorOfSkippedTestCases"/>
      <class name="com.atmecs.qa.falcondashboard.testscript.TC33_SkippedTestCases"/>
      <class name="com.atmecs.qa.falcondashboard.testscript.TC34_ViewPage"/>
    </classes>
  </test> <!-- SampleTest -->
</suite> <!-- FalconDemo-Sample-WIN_10_chrome_77 -->

2020-03-10 19:22:00 INFO  TestNGEngineForDesiredSuites:49 - INFO: New Suite Created with name: FalconDemo-Sample-WIN_10_firefox_0.26.0
2020-03-10 19:22:00 INFO  TestNGEngineForDesiredSuites:49 - <?xml version="1.0" encoding="UTF-8"?>
<!DOCTYPE suite SYSTEM "http://testng.org/testng-1.0.dtd">
<suite name="FalconDemo-Sample-WIN_10_firefox_0.26.0">
  <parameter name="os" value="WIN"/>
  <parameter name="osVersion" value="10"/>
  <parameter name="browser" value="firefox"/>
  <parameter name="browserVersion" value="0.26.0"/>
  <test thread-count="5" name="SampleTest">
    <classes>
      <class name="com.atmecs.qa.falcondashboard.testscript.TC01_DashBoardPage"/>
      <class name="com.atmecs.qa.falcondashboard.testscript.TC02_ClickingProduct"/>
      <class name="com.atmecs.qa.falcondashboard.testscript.TC03_TestCases"/>
      <class name="com.atmecs.qa.falcondashboard.testscript.TC04_ProductPercentage"/>
      <class name="com.atmecs.qa.falcondashboard.testscript.TC16_MainNavigation"/>
      <class name="com.atmecs.qa.falcondashboard.testscript.TC23_Refresh"/>
      <class name="com.atmecs.qa.falcondashboard.testscript.TC24_ProductSnapShot"/>
      <class name="com.atmecs.qa.falcondashboard.testscript.TC38_MaximizingWindow"/>
    </classes>
  </test> <!-- SampleTest -->
</suite> <!-- FalconDemo-Sample-WIN_10_firefox_0.26.0 -->

2020-03-10 19:22:00 INFO  TestNGEngineForDesiredSuites:49 - INFO: New Suite Created with name: FalconDemo-Sample-WIN_10_firefox_0.26.0
2020-03-10 19:22:00 INFO  TestNGEngineForDesiredSuites:49 - <?xml version="1.0" encoding="UTF-8"?>
<!DOCTYPE suite SYSTEM "http://testng.org/testng-1.0.dtd">
<suite name="FalconDemo-Sample-WIN_10_firefox_0.26.0">
  <parameter name="os" value="WIN"/>
  <parameter name="osVersion" value="10"/>
  <parameter name="browser" value="firefox"/>
  <parameter name="browserVersion" value="0.26.0"/>
  <test thread-count="5" name="SampleTest">
    <classes>
      <class name="com.atmecs.qa.falcondashboard.testscript.TC08_DashboardSlidder"/>
      <class name="com.atmecs.qa.falcondashboard.testscript.TC09_ProductEnvironment"/>
      <class name="com.atmecs.qa.falcondashboard.testscript.TC10_TestPhase"/>
      <class name="com.atmecs.qa.falcondashboard.testscript.TC36_StartTime"/>
      <class name="com.atmecs.qa.falcondashboard.testscript.TC37_EndTime"/>
    </classes>
  </test> <!-- SampleTest -->
</suite> <!-- FalconDemo-Sample-WIN_10_firefox_0.26.0 -->

2020-03-10 19:22:00 INFO  TestNGEngineForDesiredSuites:49 - INFO: New Suite Created with name: FalconDemo-Sample-WIN_10_firefox_0.26.0
2020-03-10 19:22:00 INFO  TestNGEngineForDesiredSuites:49 - <?xml version="1.0" encoding="UTF-8"?>
<!DOCTYPE suite SYSTEM "http://testng.org/testng-1.0.dtd">
<suite name="FalconDemo-Sample-WIN_10_firefox_0.26.0">
  <parameter name="os" value="WIN"/>
  <parameter name="osVersion" value="10"/>
  <parameter name="browser" value="firefox"/>
  <parameter name="browserVersion" value="0.26.0"/>
  <test thread-count="5" name="SampleTest">
    <classes>
      <class name="com.atmecs.qa.falcondashboard.testscript.TC07_Dropdowns"/>
      <class name="com.atmecs.qa.falcondashboard.testscript.TC13_PassedTestCases"/>
      <class name="com.atmecs.qa.falcondashboard.testscript.TC14_FailedTestCases"/>
      <class name="com.atmecs.qa.falcondashboard.testscript.TC15_SkippedTestCases"/>
    </classes>
  </test> <!-- SampleTest -->
</suite> <!-- FalconDemo-Sample-WIN_10_firefox_0.26.0 -->

2020-03-10 19:22:00 INFO  TestNGEngineForDesiredSuites:49 - INFO: New Suite Created with name: FalconDemo-Sample-WIN_10_firefox_0.26.0
2020-03-10 19:22:00 INFO  TestNGEngineForDesiredSuites:49 - <?xml version="1.0" encoding="UTF-8"?>
<!DOCTYPE suite SYSTEM "http://testng.org/testng-1.0.dtd">
<suite name="FalconDemo-Sample-WIN_10_firefox_0.26.0">
  <parameter name="os" value="WIN"/>
  <parameter name="osVersion" value="10"/>
  <parameter name="browser" value="firefox"/>
  <parameter name="browserVersion" value="0.26.0"/>
  <test thread-count="5" name="SampleTest">
    <classes>
      <class name="com.atmecs.qa.falcondashboard.testscript.TC05_ProductPage"/>
      <class name="com.atmecs.qa.falcondashboard.testscript.TC06_ProductMedium"/>
      <class name="com.atmecs.qa.falcondashboard.testscript.TC11_DownloadOption"/>
      <class name="com.atmecs.qa.falcondashboard.testscript.TC12_ExecutionDate"/>
    </classes>
  </test> <!-- SampleTest -->
</suite> <!-- FalconDemo-Sample-WIN_10_firefox_0.26.0 -->

2020-03-10 19:22:00 INFO  TestNGEngineForDesiredSuites:49 - INFO: New Suite Created with name: FalconDemo-Sample-WIN_10_firefox_0.26.0
2020-03-10 19:22:00 INFO  TestNGEngineForDesiredSuites:49 - <?xml version="1.0" encoding="UTF-8"?>
<!DOCTYPE suite SYSTEM "http://testng.org/testng-1.0.dtd">
<suite name="FalconDemo-Sample-WIN_10_firefox_0.26.0">
  <parameter name="os" value="WIN"/>
  <parameter name="osVersion" value="10"/>
  <parameter name="browser" value="firefox"/>
  <parameter name="browserVersion" value="0.26.0"/>
  <test thread-count="5" name="SampleTest">
    <classes>
      <class name="com.atmecs.qa.falcondashboard.testscript.TC17_RecentRuns"/>
      <class name="com.atmecs.qa.falcondashboard.testscript.TC18_ProductName"/>
      <class name="com.atmecs.qa.falcondashboard.testscript.TC19_ProductComponent"/>
      <class name="com.atmecs.qa.falcondashboard.testscript.TC21_PassPercentage"/>
      <class name="com.atmecs.qa.falcondashboard.testscript.TC22_DeleteOption"/>
      <class name="com.atmecs.qa.falcondashboard.testscript.TC35_LastRun"/>
    </classes>
  </test> <!-- SampleTest -->
</suite> <!-- FalconDemo-Sample-WIN_10_firefox_0.26.0 -->

2020-03-10 19:22:00 INFO  TestNGEngineForDesiredSuites:49 - INFO: New Suite Created with name: FalconDemo-Sample-WIN_10_firefox_0.26.0
2020-03-10 19:22:00 INFO  TestNGEngineForDesiredSuites:49 - <?xml version="1.0" encoding="UTF-8"?>
<!DOCTYPE suite SYSTEM "http://testng.org/testng-1.0.dtd">
<suite name="FalconDemo-Sample-WIN_10_firefox_0.26.0">
  <parameter name="os" value="WIN"/>
  <parameter name="osVersion" value="10"/>
  <parameter name="browser" value="firefox"/>
  <parameter name="browserVersion" value="0.26.0"/>
  <test thread-count="5" name="SampleTest">
    <classes>
      <class name="com.atmecs.qa.falcondashboard.testscript.TC26_ColorOfTotalTestCases"/>
      <class name="com.atmecs.qa.falcondashboard.testscript.TC27_TotalTestCases"/>
      <class name="com.atmecs.qa.falcondashboard.testscript.TC28_ColorOfPassTestCases"/>
      <class name="com.atmecs.qa.falcondashboard.testscript.TC29_PassedTestCases"/>
      <class name="com.atmecs.qa.falcondashboard.testscript.TC30_ColorOfFailedTestCases"/>
      <class name="com.atmecs.qa.falcondashboard.testscript.TC31_FailedTestCases"/>
      <class name="com.atmecs.qa.falcondashboard.testscript.TC32_ColorOfSkippedTestCases"/>
      <class name="com.atmecs.qa.falcondashboard.testscript.TC33_SkippedTestCases"/>
      <class name="com.atmecs.qa.falcondashboard.testscript.TC34_ViewPage"/>
    </classes>
  </test> <!-- SampleTest -->
</suite> <!-- FalconDemo-Sample-WIN_10_firefox_0.26.0 -->

2020-03-10 19:22:00 INFO  TestNGEngineForDesiredSuites:49 - INFO: New Suite Created with name: FalconDemo-Sample-WIN_10_ie_3.150.1
2020-03-10 19:22:00 INFO  TestNGEngineForDesiredSuites:49 - <?xml version="1.0" encoding="UTF-8"?>
<!DOCTYPE suite SYSTEM "http://testng.org/testng-1.0.dtd">
<suite name="FalconDemo-Sample-WIN_10_ie_3.150.1">
  <parameter name="os" value="WIN"/>
  <parameter name="osVersion" value="10"/>
  <parameter name="browser" value="ie"/>
  <parameter name="browserVersion" value="3.150.1"/>
  <test thread-count="5" name="SampleTest">
    <classes>
      <class name="com.atmecs.qa.falcondashboard.testscript.TC01_DashBoardPage"/>
      <class name="com.atmecs.qa.falcondashboard.testscript.TC02_ClickingProduct"/>
      <class name="com.atmecs.qa.falcondashboard.testscript.TC03_TestCases"/>
      <class name="com.atmecs.qa.falcondashboard.testscript.TC04_ProductPercentage"/>
      <class name="com.atmecs.qa.falcondashboard.testscript.TC16_MainNavigation"/>
      <class name="com.atmecs.qa.falcondashboard.testscript.TC23_Refresh"/>
      <class name="com.atmecs.qa.falcondashboard.testscript.TC24_ProductSnapShot"/>
      <class name="com.atmecs.qa.falcondashboard.testscript.TC38_MaximizingWindow"/>
    </classes>
  </test> <!-- SampleTest -->
</suite> <!-- FalconDemo-Sample-WIN_10_ie_3.150.1 -->

2020-03-10 19:22:00 INFO  TestNGEngineForDesiredSuites:49 - INFO: New Suite Created with name: FalconDemo-Sample-WIN_10_ie_3.150.1
2020-03-10 19:22:00 INFO  TestNGEngineForDesiredSuites:49 - <?xml version="1.0" encoding="UTF-8"?>
<!DOCTYPE suite SYSTEM "http://testng.org/testng-1.0.dtd">
<suite name="FalconDemo-Sample-WIN_10_ie_3.150.1">
  <parameter name="os" value="WIN"/>
  <parameter name="osVersion" value="10"/>
  <parameter name="browser" value="ie"/>
  <parameter name="browserVersion" value="3.150.1"/>
  <test thread-count="5" name="SampleTest">
    <classes>
      <class name="com.atmecs.qa.falcondashboard.testscript.TC08_DashboardSlidder"/>
      <class name="com.atmecs.qa.falcondashboard.testscript.TC09_ProductEnvironment"/>
      <class name="com.atmecs.qa.falcondashboard.testscript.TC10_TestPhase"/>
      <class name="com.atmecs.qa.falcondashboard.testscript.TC36_StartTime"/>
      <class name="com.atmecs.qa.falcondashboard.testscript.TC37_EndTime"/>
    </classes>
  </test> <!-- SampleTest -->
</suite> <!-- FalconDemo-Sample-WIN_10_ie_3.150.1 -->

2020-03-10 19:22:00 INFO  TestNGEngineForDesiredSuites:49 - INFO: New Suite Created with name: FalconDemo-Sample-WIN_10_ie_3.150.1
2020-03-10 19:22:00 INFO  TestNGEngineForDesiredSuites:49 - <?xml version="1.0" encoding="UTF-8"?>
<!DOCTYPE suite SYSTEM "http://testng.org/testng-1.0.dtd">
<suite name="FalconDemo-Sample-WIN_10_ie_3.150.1">
  <parameter name="os" value="WIN"/>
  <parameter name="osVersion" value="10"/>
  <parameter name="browser" value="ie"/>
  <parameter name="browserVersion" value="3.150.1"/>
  <test thread-count="5" name="SampleTest">
    <classes>
      <class name="com.atmecs.qa.falcondashboard.testscript.TC07_Dropdowns"/>
      <class name="com.atmecs.qa.falcondashboard.testscript.TC13_PassedTestCases"/>
      <class name="com.atmecs.qa.falcondashboard.testscript.TC14_FailedTestCases"/>
      <class name="com.atmecs.qa.falcondashboard.testscript.TC15_SkippedTestCases"/>
    </classes>
  </test> <!-- SampleTest -->
</suite> <!-- FalconDemo-Sample-WIN_10_ie_3.150.1 -->

2020-03-10 19:22:00 INFO  TestNGEngineForDesiredSuites:49 - INFO: New Suite Created with name: FalconDemo-Sample-WIN_10_ie_3.150.1
2020-03-10 19:22:00 INFO  TestNGEngineForDesiredSuites:49 - <?xml version="1.0" encoding="UTF-8"?>
<!DOCTYPE suite SYSTEM "http://testng.org/testng-1.0.dtd">
<suite name="FalconDemo-Sample-WIN_10_ie_3.150.1">
  <parameter name="os" value="WIN"/>
  <parameter name="osVersion" value="10"/>
  <parameter name="browser" value="ie"/>
  <parameter name="browserVersion" value="3.150.1"/>
  <test thread-count="5" name="SampleTest">
    <classes>
      <class name="com.atmecs.qa.falcondashboard.testscript.TC05_ProductPage"/>
      <class name="com.atmecs.qa.falcondashboard.testscript.TC06_ProductMedium"/>
      <class name="com.atmecs.qa.falcondashboard.testscript.TC11_DownloadOption"/>
      <class name="com.atmecs.qa.falcondashboard.testscript.TC12_ExecutionDate"/>
    </classes>
  </test> <!-- SampleTest -->
</suite> <!-- FalconDemo-Sample-WIN_10_ie_3.150.1 -->

2020-03-10 19:22:00 INFO  TestNGEngineForDesiredSuites:49 - INFO: New Suite Created with name: FalconDemo-Sample-WIN_10_ie_3.150.1
2020-03-10 19:22:00 INFO  TestNGEngineForDesiredSuites:49 - <?xml version="1.0" encoding="UTF-8"?>
<!DOCTYPE suite SYSTEM "http://testng.org/testng-1.0.dtd">
<suite name="FalconDemo-Sample-WIN_10_ie_3.150.1">
  <parameter name="os" value="WIN"/>
  <parameter name="osVersion" value="10"/>
  <parameter name="browser" value="ie"/>
  <parameter name="browserVersion" value="3.150.1"/>
  <test thread-count="5" name="SampleTest">
    <classes>
      <class name="com.atmecs.qa.falcondashboard.testscript.TC17_RecentRuns"/>
      <class name="com.atmecs.qa.falcondashboard.testscript.TC18_ProductName"/>
      <class name="com.atmecs.qa.falcondashboard.testscript.TC19_ProductComponent"/>
      <class name="com.atmecs.qa.falcondashboard.testscript.TC21_PassPercentage"/>
      <class name="com.atmecs.qa.falcondashboard.testscript.TC22_DeleteOption"/>
      <class name="com.atmecs.qa.falcondashboard.testscript.TC35_LastRun"/>
    </classes>
  </test> <!-- SampleTest -->
</suite> <!-- FalconDemo-Sample-WIN_10_ie_3.150.1 -->

2020-03-10 19:22:00 INFO  TestNGEngineForDesiredSuites:49 - INFO: New Suite Created with name: FalconDemo-Sample-WIN_10_ie_3.150.1
2020-03-10 19:22:00 INFO  TestNGEngineForDesiredSuites:49 - <?xml version="1.0" encoding="UTF-8"?>
<!DOCTYPE suite SYSTEM "http://testng.org/testng-1.0.dtd">
<suite name="FalconDemo-Sample-WIN_10_ie_3.150.1">
  <parameter name="os" value="WIN"/>
  <parameter name="osVersion" value="10"/>
  <parameter name="browser" value="ie"/>
  <parameter name="browserVersion" value="3.150.1"/>
  <test thread-count="5" name="SampleTest">
    <classes>
      <class name="com.atmecs.qa.falcondashboard.testscript.TC26_ColorOfTotalTestCases"/>
      <class name="com.atmecs.qa.falcondashboard.testscript.TC27_TotalTestCases"/>
      <class name="com.atmecs.qa.falcondashboard.testscript.TC28_ColorOfPassTestCases"/>
      <class name="com.atmecs.qa.falcondashboard.testscript.TC29_PassedTestCases"/>
      <class name="com.atmecs.qa.falcondashboard.testscript.TC30_ColorOfFailedTestCases"/>
      <class name="com.atmecs.qa.falcondashboard.testscript.TC31_FailedTestCases"/>
      <class name="com.atmecs.qa.falcondashboard.testscript.TC32_ColorOfSkippedTestCases"/>
      <class name="com.atmecs.qa.falcondashboard.testscript.TC33_SkippedTestCases"/>
      <class name="com.atmecs.qa.falcondashboard.testscript.TC34_ViewPage"/>
    </classes>
  </test> <!-- SampleTest -->
</suite> <!-- FalconDemo-Sample-WIN_10_ie_3.150.1 -->

